5000
1230 1 2 3 5 7 11 13 17 19 23 29 31 37 41 43 47 53 59 61 67 71 73 79 83 89 97 101 103 107 109 113 127 131 137 139 149 151 157 163 167 173 179 181 191 193 197 199 211 223 227 229 233 239 241 251 257 263 269 271 277 281 283 293 307 311 313 317 331 337 347 349 353 359 367 373 379 383 389 397 401 409 419 421 431 433 439 443 449 457 461 463 467 479 487 491 499 503 509 521 523 541 547 557 563 569 571 577 587 593 599 601 607 613 617 619 631 641 643 647 653 659 661 673 677 683 691 701 709 719 727 733 739 743 751 757 761 769 773 787 797 809 811 821 823 827 829 839 853 857 859 863 877 881 883 887 907 911 919 929 937 941 947 953 967 971 977 983 991 997 1009 1013 1019 1021 1031 1033 1039 1049 1051 1061 1063 1069 1087 1091 1093 1097 1103 1109 1117 1123 1129 1151 1153 1163 1171 1181 1187 1193 1201 1213 1217 1223 1229 1231 1237 1249 1259 1277 1279 1283 1289 1291 1297 1301 1303 1307 1319 1321 1327 1361 1367 1373 1381 1399 1409 1423 1427 1429 1433 1439 1447 1451 1453 1459 1471 1481 1483 1487 1489 1493 1499 1511 1523 1531 1543 1549 1553 1559 1567 1571 1579 1583 1597 1601 1607 1609 1613 1619 1621 1627 1637 1657 1663 1667 1669 1693 1697 1699 1709 1721 1723 1733 1741 1747 1753 1759 1777 1783 1787 1789 1801 1811 1823 1831 1847 1861 1867 1871 1873 1877 1879 1889 1901 1907 1913 1931 1933 1949 1951 1973 1979 1987 1993 1997 1999 2003 2011 2017 2027 2029 2039 2053 2063 2069 2081 2083 2087 2089 2099 2111 2113 2129 2131 2137 2141 2143 2153 2161 2179 2203 2207 2213 2221 2237 2239 2243 2251 2267 2269 2273 2281 2287 2293 2297 2309 2311 2333 2339 2341 2347 2351 2357 2371 2377 2381 2383 2389 2393 2399 2411 2417 2423 2437 2441 2447 2459 2467 2473 2477 2503 2521 2531 2539 2543 2549 2551 2557 2579 2591 2593 2609 2617 2621 2633 2647 2657 2659 2663 2671 2677 2683 2687 2689 2693 2699 2707 2711 2713 2719 2729 2731 2741 2749 2753 2767 2777 2789 2791 2797 2801 2803 2819 2833 2837 2843 2851 2857 2861 2879 2887 2897 2903 2909 2917 2927 2939 2953 2957 2963 2969 2971 2999 3001 3011 3019 3023 3037 3041 3049 3061 3067 3079 3083 3089 3109 3119 3121 3137 3163 3167 3169 3181 3187 3191 3203 3209 3217 3221 3229 3251 3253 3257 3259 3271 3299 3301 3307 3313 3319 3323 3329 3331 3343 3347 3359 3361 3371 3373 3389 3391 3407 3413 3433 3449 3457 3461 3463 3467 3469 3491 3499 3511 3517 3527 3529 3533 3539 3541 3547 3557 3559 3571 3581 3583 3593 3607 3613 3617 3623 3631 3637 3643 3659 3671 3673 3677 3691 3697 3701 3709 3719 3727 3733 3739 3761 3767 3769 3779 3793 3797 3803 3821 3823 3833 3847 3851 3853 3863 3877 3881 3889 3907 3911 3917 3919 3923 3929 3931 3943 3947 3967 3989 4001 4003 4007 4013 4019 4021 4027 4049 4051 4057 4073 4079 4091 4093 4099 4111 4127 4129 4133 4139 4153 4157 4159 4177 4201 4211 4217 4219 4229 4231 4241 4243 4253 4259 4261 4271 4273 4283 4289 4297 4327 4337 4339 4349 4357 4363 4373 4391 4397 4409 4421 4423 4441 4447 4451 4457 4463 4481 4483 4493 4507 4513 4517 4519 4523 4547 4549 4561 4567 4583 4591 4597 4603 4621 4637 4639 4643 4649 4651 4657 4663 4673 4679 4691 4703 4721 4723 4729 4733 4751 4759 4783 4787 4789 4793 4799 4801 4813 4817 4831 4861 4871 4877 4889 4903 4909 4919 4931 4933 4937 4943 4951 4957 4967 4969 4973 4987 4993 4999 5003 5009 5011 5021 5023 5039 5051 5059 5077 5081 5087 5099 5101 5107 5113 5119 5147 5153 5167 5171 5179 5189 5197 5209 5227 5231 5233 5237 5261 5273 5279 5281 5297 5303 5309 5323 5333 5347 5351 5381 5387 5393 5399 5407 5413 5417 5419 5431 5437 5441 5443 5449 5471 5477 5479 5483 5501 5503 5507 5519 5521 5527 5531 5557 5563 5569 5573 5581 5591 5623 5639 5641 5647 5651 5653 5657 5659 5669 5683 5689 5693 5701 5711 5717 5737 5741 5743 5749 5779 5783 5791 5801 5807 5813 5821 5827 5839 5843 5849 5851 5857 5861 5867 5869 5879 5881 5897 5903 5923 5927 5939 5953 5981 5987 6007 6011 6029 6037 6043 6047 6053 6067 6073 6079 6089 6091 6101 6113 6121 6131 6133 6143 6151 6163 6173 6197 6199 6203 6211 6217 6221 6229 6247 6257 6263 6269 6271 6277 6287 6299 6301 6311 6317 6323 6329 6337 6343 6353 6359 6361 6367 6373 6379 6389 6397 6421 6427 6449 6451 6469 6473 6481 6491 6521 6529 6547 6551 6553 6563 6569 6571 6577 6581 6599 6607 6619 6637 6653 6659 6661 6673 6679 6689 6691 6701 6703 6709 6719 6733 6737 6761 6763 6779 6781 6791 6793 6803 6823 6827 6829 6833 6841 6857 6863 6869 6871 6883 6899 6907 6911 6917 6947 6949 6959 6961 6967 6971 6977 6983 6991 6997 7001 7013 7019 7027 7039 7043 7057 7069 7079 7103 7109 7121 7127 7129 7151 7159 7177 7187 7193 7207 7211 7213 7219 7229 7237 7243 7247 7253 7283 7297 7307 7309 7321 7331 7333 7349 7351 7369 7393 7411 7417 7433 7451 7457 7459 7477 7481 7487 7489 7499 7507 7517 7523 7529 7537 7541 7547 7549 7559 7561 7573 7577 7583 7589 7591 7603 7607 7621 7639 7643 7649 7669 7673 7681 7687 7691 7699 7703 7717 7723 7727 7741 7753 7757 7759 7789 7793 7817 7823 7829 7841 7853 7867 7873 7877 7879 7883 7901 7907 7919 7927 7933 7937 7949 7951 7963 7993 8009 8011 8017 8039 8053 8059 8069 8081 8087 8089 8093 8101 8111 8117 8123 8147 8161 8167 8171 8179 8191 8209 8219 8221 8231 8233 8237 8243 8263 8269 8273 8287 8291 8293 8297 8311 8317 8329 8353 8363 8369 8377 8387 8389 8419 8423 8429 8431 8443 8447 8461 8467 8501 8513 8521 8527 8537 8539 8543 8563 8573 8581 8597 8599 8609 8623 8627 8629 8641 8647 8663 8669 8677 8681 8689 8693 8699 8707 8713 8719 8731 8737 8741 8747 8753 8761 8779 8783 8803 8807 8819 8821 8831 8837 8839 8849 8861 8863 8867 8887 8893 8923 8929 8933 8941 8951 8963 8969 8971 8999 9001 9007 9011 9013 9029 9041 9043 9049 9059 9067 9091 9103 9109 9127 9133 9137 9151 9157 9161 9173 9181 9187 9199 9203 9209 9221 9227 9239 9241 9257 9277 9281 9283 9293 9311 9319 9323 9337 9341 9343 9349 9371 9377 9391 9397 9403 9413 9419 9421 9431 9433 9437 9439 9461 9463 9467 9473 9479 9491 9497 9511 9521 9533 9539 9547 9551 9587 9601 9613 9619 9623 9629 9631 9643 9649 9661 9677 9679 9689 9697 9719 9721 9733 9739 9743 9749 9767 9769 9781 9787 9791 9803 9811 9817 9829 9833 9839 9851 9857 9859 9871 9883 9887 9901 9907 9923 9929 9931 9941 9949 9967 9973 
25 4 9 25 49 121 169 289 361 529 841 961 1369 1681 1849 2209 2809 3481 3721 4489 5041 5329 6241 6889 7921 9409 
8 8 27 125 343 1331 2197 4913 6859 
4 16 81 625 2401 
3 32 243 3125 
2 64 729 
2 128 2187 
2 256 6561 
1 512 
1 6 
1 10 
1 12 
1 14 
1 20 
1 24 
1 26 
1 28 
1 30 
1 38 
1 42 
1 44 
1 48 
1 50 
1 54 
1 60 
1 62 
1 72 
1 74 
1 80 
1 82 
1 84 
1 90 
1 98 
1 102 
1 104 
1 108 
1 110 
1 114 
1 122 
1 126 
1 132 
1 138 
1 140 
1 150 
1 152 
1 158 
1 164 
1 168 
1 170 
1 174 
1 180 
1 182 
1 192 
1 194 
1 198 
1 200 
1 212 
1 224 
1 228 
1 230 
1 234 
1 240 
1 242 
1 244 
1 252 
1 264 
1 270 
1 272 
1 278 
1 282 
1 284 
1 290 
1 294 
1 308 
1 312 
1 314 
1 318 
1 332 
1 338 
1 344 
1 348 
1 350 
1 354 
1 360 
1 362 
1 368 
1 374 
1 380 
1 384 
1 390 
1 398 
1 402 
1 410 
1 420 
1 422 
1 432 
1 434 
1 440 
1 444 
1 450 
1 458 
1 462 
1 464 
1 468 
1 480 
1 488 
1 492 
1 500 
1 504 
1 510 
1 524 
1 530 
1 542 
1 548 
1 558 
1 564 
1 570 
1 572 
1 578 
1 588 
1 594 
1 600 
1 602 
1 608 
1 614 
1 618 
1 620 
1 626 
1 632 
1 642 
1 644 
1 648 
1 654 
1 660 
1 662 
1 674 
1 678 
1 684 
1 692 
1 702 
1 710 
1 720 
1 728 
1 730 
1 734 
1 740 
1 744 
1 752 
1 758 
1 762 
1 770 
1 774 
1 788 
1 798 
1 810 
1 812 
1 822 
1 824 
1 828 
1 830 
1 840 
1 842 
1 854 
1 858 
1 860 
1 864 
1 878 
1 882 
1 884 
1 888 
1 908 
1 912 
1 920 
1 930 
1 938 
1 942 
1 948 
1 954 
1 962 
1 968 
1 972 
1 978 
1 984 
1 992 
1 998 
1 1010 
1 1014 
1 1020 
1 1022 
1 1032 
1 1034 
1 1040 
1 1050 
1 1052 
1 1062 
1 1064 
1 1070 
1 1088 
1 1092 
1 1094 
1 1098 
1 1104 
1 1110 
1 1118 
1 1124 
1 1130 
1 1152 
1 1154 
1 1164 
1 1172 
1 1182 
1 1188 
1 1194 
1 1202 
1 1214 
1 1218 
1 1224 
1 1230 
1 1232 
1 1238 
1 1250 
1 1260 
1 1278 
1 1280 
1 1284 
1 1290 
1 1292 
1 1298 
1 1302 
1 1304 
1 1308 
1 1320 
1 1322 
1 1328 
1 1332 
1 1362 
1 1368 
1 1370 
1 1374 
1 1382 
1 1400 
1 1410 
1 1424 
1 1428 
1 1430 
1 1434 
1 1440 
1 1448 
1 1452 
1 1454 
1 1460 
1 1472 
1 1482 
1 1484 
1 1488 
1 1490 
1 1494 
1 1500 
1 1512 
1 1524 
1 1532 
1 1544 
1 1550 
1 1554 
1 1560 
1 1568 
1 1572 
1 1580 
1 1584 
1 1598 
1 1602 
1 1608 
1 1610 
1 1614 
1 1620 
1 1622 
1 1628 
1 1638 
1 1658 
1 1664 
1 1668 
1 1670 
1 1682 
1 1694 
1 1698 
1 1700 
1 1710 
1 1722 
1 1724 
1 1734 
1 1742 
1 1748 
1 1754 
1 1760 
1 1778 
1 1784 
1 1788 
1 1790 
1 1802 
1 1812 
1 1824 
1 1832 
1 1848 
1 1850 
1 1862 
1 1868 
1 1872 
1 1874 
1 1878 
1 1880 
1 1890 
1 1902 
1 1908 
1 1914 
1 1932 
1 1934 
1 1950 
1 1952 
1 1974 
1 1980 
1 1988 
1 1994 
1 1998 
1 2000 
1 2004 
1 2012 
1 2018 
1 2028 
1 2030 
1 2040 
1 2054 
1 2064 
1 2070 
1 2082 
1 2084 
1 2088 
1 2090 
1 2100 
1 2112 
1 2114 
1 2130 
1 2132 
1 2138 
1 2142 
1 2144 
1 2154 
1 2162 
1 2180 
1 2188 
1 2198 
1 2204 
1 2208 
1 2210 
1 2214 
1 2222 
1 2238 
1 2240 
1 2244 
1 2252 
1 2268 
1 2270 
1 2274 
1 2282 
1 2288 
1 2294 
1 2298 
1 2310 
1 2312 
1 2334 
1 2340 
1 2342 
1 2348 
1 2352 
1 2358 
1 2372 
1 2378 
1 2382 
1 2384 
1 2390 
1 2394 
1 2400 
1 2402 
1 2412 
1 2418 
1 2424 
1 2438 
1 2442 
1 2448 
1 2460 
1 2468 
1 2474 
1 2478 
1 2504 
1 2522 
1 2532 
1 2540 
1 2544 
1 2550 
1 2552 
1 2558 
1 2580 
1 2592 
1 2594 
1 2610 
1 2618 
1 2622 
1 2634 
1 2648 
1 2658 
1 2660 
1 2664 
1 2672 
1 2678 
1 2684 
1 2688 
1 2690 
1 2694 
1 2700 
1 2708 
1 2712 
1 2714 
1 2720 
1 2730 
1 2732 
1 2742 
1 2750 
1 2754 
1 2768 
1 2778 
1 2790 
1 2792 
1 2798 
1 2802 
1 2804 
1 2810 
1 2820 
1 2834 
1 2838 
1 2844 
1 2852 
1 2858 
1 2862 
1 2880 
1 2888 
1 2898 
1 2904 
1 2910 
1 2918 
1 2928 
1 2940 
1 2954 
1 2958 
1 2964 
1 2970 
1 2972 
1 3000 
1 3002 
1 3012 
1 3020 
1 3024 
1 3038 
1 3042 
1 3050 
1 3062 
1 3068 
1 3080 
1 3084 
1 3090 
1 3110 
1 3120 
1 3122 
1 3126 
1 3138 
1 3164 
1 3168 
1 3170 
1 3182 
1 3188 
1 3192 
1 3204 
1 3210 
1 3218 
1 3222 
1 3230 
1 3252 
1 3254 
1 3258 
1 3260 
1 3272 
1 3300 
1 3302 
1 3308 
1 3314 
1 3320 
1 3324 
1 3330 
1 3332 
1 3344 
1 3348 
1 3360 
1 3362 
1 3372 
1 3374 
1 3390 
1 3392 
1 3408 
1 3414 
1 3434 
1 3450 
1 3458 
1 3462 
1 3464 
1 3468 
1 3470 
1 3482 
1 3492 
1 3500 
1 3512 
1 3518 
1 3528 
1 3530 
1 3534 
1 3540 
1 3542 
1 3548 
1 3558 
1 3560 
1 3572 
1 3582 
1 3584 
1 3594 
1 3608 
1 3614 
1 3618 
1 3624 
1 3632 
1 3638 
1 3644 
1 3660 
1 3672 
1 3674 
1 3678 
1 3692 
1 3698 
1 3702 
1 3710 
1 3720 
1 3722 
1 3728 
1 3734 
1 3740 
1 3762 
1 3768 
1 3770 
1 3780 
1 3794 
1 3798 
1 3804 
1 3822 
1 3824 
1 3834 
1 3848 
1 3852 
1 3854 
1 3864 
1 3878 
1 3882 
1 3890 
1 3908 
1 3912 
1 3918 
1 3920 
1 3924 
1 3930 
1 3932 
1 3944 
1 3948 
1 3968 
1 3990 
1 4002 
1 4004 
1 4008 
1 4014 
1 4020 
1 4022 
1 4028 
1 4050 
1 4052 
1 4058 
1 4074 
1 4080 
1 4092 
1 4094 
1 4100 
1 4112 
1 4128 
1 4130 
1 4134 
1 4140 
1 4154 
1 4158 
1 4160 
1 4178 
1 4202 
1 4212 
1 4218 
1 4220 
1 4230 
1 4232 
1 4242 
1 4244 
1 4254 
1 4260 
1 4262 
1 4272 
1 4274 
1 4284 
1 4290 
1 4298 
1 4328 
1 4338 
1 4340 
1 4350 
1 4358 
1 4364 
1 4374 
1 4392 
1 4398 
1 4410 
1 4422 
1 4424 
1 4442 
1 4448 
1 4452 
1 4458 
1 4464 
1 4482 
1 4484 
1 4490 
1 4494 
1 4508 
1 4514 
1 4518 
1 4520 
1 4524 
1 4548 
1 4550 
1 4562 
1 4568 
1 4584 
1 4592 
1 4598 
1 4604 
1 4622 
1 4638 
1 4640 
1 4644 
1 4650 
1 4652 
1 4658 
1 4664 
1 4674 
1 4680 
1 4692 
1 4704 
1 4722 
1 4724 
1 4730 
1 4734 
1 4752 
1 4760 
1 4784 
1 4788 
1 4790 
1 4794 
1 4800 
1 4802 
1 4814 
1 4818 
1 4832 
1 4862 
1 4872 
1 4878 
1 4890 
1 4904 
1 4910 
1 4914 
1 4920 
1 4932 
1 4934 
1 4938 
1 4944 
1 4952 
1 4958 
1 4968 
1 4970 
1 4974 
1 4988 
1 4994 
1 5000 
1 5004 
1 5010 
1 5012 
1 5022 
1 5024 
1 5040 
1 5042 
1 5052 
1 5060 
1 5078 
1 5082 
1 5088 
1 5100 
1 5102 
1 5108 
1 5114 
1 5120 
1 5148 
1 5154 
1 5168 
1 5172 
1 5180 
1 5190 
1 5198 
1 5210 
1 5228 
1 5232 
1 5234 
1 5238 
1 5262 
1 5274 
1 5280 
1 5282 
1 5298 
1 5304 
1 5310 
1 5324 
1 5330 
1 5334 
1 5348 
1 5352 
1 5382 
1 5388 
1 5394 
1 5400 
1 5408 
1 5414 
1 5418 
1 5420 
1 5432 
1 5438 
1 5442 
1 5444 
1 5450 
1 5472 
1 5478 
1 5480 
1 5484 
1 5502 
1 5504 
1 5508 
1 5520 
1 5522 
1 5528 
1 5532 
1 5558 
1 5564 
1 5570 
1 5574 
1 5582 
1 5592 
1 5624 
1 5640 
1 5642 
1 5648 
1 5652 
1 5654 
1 5658 
1 5660 
1 5670 
1 5684 
1 5690 
1 5694 
1 5702 
1 5712 
1 5718 
1 5738 
1 5742 
1 5744 
1 5750 
1 5780 
1 5784 
1 5792 
1 5802 
1 5808 
1 5814 
1 5822 
1 5828 
1 5840 
1 5844 
1 5850 
1 5852 
1 5858 
1 5862 
1 5868 
1 5870 
1 5880 
1 5882 
1 5898 
1 5904 
1 5924 
1 5928 
1 5940 
1 5954 
1 5982 
1 5988 
1 6008 
1 6012 
1 6030 
1 6038 
1 6044 
1 6048 
1 6054 
1 6068 
1 6074 
1 6080 
1 6090 
1 6092 
1 6102 
1 6114 
1 6122 
1 6132 
1 6134 
1 6144 
1 6152 
1 6164 
1 6174 
1 6198 
1 6200 
1 6204 
1 6212 
1 6218 
1 6222 
1 6230 
1 6242 
1 6248 
1 6258 
1 6264 
1 6270 
1 6272 
1 6278 
1 6288 
1 6300 
1 6302 
1 6312 
1 6318 
1 6324 
1 6330 
1 6338 
1 6344 
1 6354 
1 6360 
1 6362 
1 6368 
1 6374 
1 6380 
1 6390 
1 6398 
1 6422 
1 6428 
1 6450 
1 6452 
1 6470 
1 6474 
1 6482 
1 6492 
1 6522 
1 6530 
1 6548 
1 6552 
1 6554 
1 6562 
1 6564 
1 6570 
1 6572 
1 6578 
1 6582 
1 6600 
1 6608 
1 6620 
1 6638 
1 6654 
1 6660 
1 6662 
1 6674 
1 6680 
1 6690 
1 6692 
1 6702 
1 6704 
1 6710 
1 6720 
1 6734 
1 6738 
1 6762 
1 6764 
1 6780 
1 6782 
1 6792 
1 6794 
1 6804 
1 6824 
1 6828 
1 6830 
1 6834 
1 6842 
1 6858 
1 6860 
1 6864 
1 6870 
1 6872 
1 6884 
1 6890 
1 6900 
1 6908 
1 6912 
1 6918 
1 6948 
1 6950 
1 6960 
1 6962 
1 6968 
1 6972 
1 6978 
1 6984 
1 6992 
1 6998 
1 7002 
1 7014 
1 7020 
1 7028 
1 7040 
1 7044 
1 7058 
1 7070 
1 7080 
1 7104 
1 7110 
1 7122 
1 7128 
1 7130 
1 7152 
1 7160 
1 7178 
1 7188 
1 7194 
1 7208 
1 7212 
1 7214 
1 7220 
1 7230 
1 7238 
1 7244 
1 7248 
1 7254 
1 7284 
1 7298 
1 7308 
1 7310 
1 7322 
1 7332 
1 7334 
1 7350 
1 7352 
1 7370 
1 7394 
1 7412 
1 7418 
1 7434 
1 7452 
1 7458 
1 7460 
1 7478 
1 7482 
1 7488 
1 7490 
1 7500 
1 7508 
1 7518 
1 7524 
1 7530 
1 7538 
1 7542 
1 7548 
1 7550 
1 7560 
1 7562 
1 7574 
1 7578 
1 7584 
1 7590 
1 7592 
1 7604 
1 7608 
1 7622 
1 7640 
1 7644 
1 7650 
1 7670 
1 7674 
1 7682 
1 7688 
1 7692 
1 7700 
1 7704 
1 7718 
1 7724 
1 7728 
1 7742 
1 7754 
1 7758 
1 7760 
1 7790 
1 7794 
1 7818 
1 7824 
1 7830 
1 7842 
1 7854 
1 7868 
1 7874 
1 7878 
1 7880 
1 7884 
1 7902 
1 7908 
1 7920 
1 7922 
1 7928 
1 7934 
1 7938 
1 7950 
1 7952 
1 7964 
1 7994 
1 8010 
1 8012 
1 8018 
1 8040 
1 8054 
1 8060 
1 8070 
1 8082 
1 8088 
1 8090 
1 8094 
1 8102 
1 8112 
1 8118 
1 8124 
1 8148 
1 8162 
1 8168 
1 8172 
1 8180 
1 8192 
1 8210 
1 8220 
1 8222 
1 8232 
1 8234 
1 8238 
1 8244 
1 8264 
1 8270 
1 8274 
1 8288 
1 8292 
1 8294 
1 8298 
1 8312 
1 8318 
1 8330 
1 8354 
1 8364 
1 8370 
1 8378 
1 8388 
1 8390 
1 8420 
1 8424 
1 8430 
1 8432 
1 8444 
1 8448 
1 8462 
1 8468 
1 8502 
1 8514 
1 8522 
1 8528 
1 8538 
1 8540 
1 8544 
1 8564 
1 8574 
1 8582 
1 8598 
1 8600 
1 8610 
1 8624 
1 8628 
1 8630 
1 8642 
1 8648 
1 8664 
1 8670 
1 8678 
1 8682 
1 8690 
1 8694 
1 8700 
1 8708 
1 8714 
1 8720 
1 8732 
1 8738 
1 8742 
1 8748 
1 8754 
1 8762 
1 8780 
1 8784 
1 8804 
1 8808 
1 8820 
1 8822 
1 8832 
1 8838 
1 8840 
1 8850 
1 8862 
1 8864 
1 8868 
1 8888 
1 8894 
1 8924 
1 8930 
1 8934 
1 8942 
1 8952 
1 8964 
1 8970 
1 8972 
1 9000 
1 9002 
1 9008 
1 9012 
1 9014 
1 9030 
1 9042 
1 9044 
1 9050 
1 9060 
1 9068 
1 9092 
1 9104 
1 9110 
1 9128 
1 9134 
1 9138 
1 9152 
1 9158 
1 9162 
1 9174 
1 9182 
1 9188 
1 9200 
1 9204 
1 9210 
1 9222 
1 9228 
1 9240 
1 9242 
1 9258 
1 9278 
1 9282 
1 9284 
1 9294 
1 9312 
1 9320 
1 9324 
1 9338 
1 9342 
1 9344 
1 9350 
1 9372 
1 9378 
1 9392 
1 9398 
1 9404 
1 9410 
1 9414 
1 9420 
1 9422 
1 9432 
1 9434 
1 9438 
1 9440 
1 9462 
1 9464 
1 9468 
1 9474 
1 9480 
1 9492 
1 9498 
1 9512 
1 9522 
1 9534 
1 9540 
1 9548 
1 9552 
1 9588 
1 9602 
1 9614 
1 9620 
1 9624 
1 9630 
1 9632 
1 9644 
1 9650 
1 9662 
1 9678 
1 9680 
1 9690 
1 9698 
1 9720 
1 9722 
1 9734 
1 9740 
1 9744 
1 9750 
1 9768 
1 9770 
1 9782 
1 9788 
1 9792 
1 9804 
1 9812 
1 9818 
1 9830 
1 9834 
1 9840 
1 9852 
1 9858 
1 9860 
1 9872 
1 9884 
1 9888 
1 9902 
1 9908 
1 9924 
1 9930 
1 9932 
1 9942 
1 9950 
1 9968 
1 9974 
13 15 22 91 323 667 1147 1763 2491 3599 4757 5767 7387 9797 
13 18 35 143 391 551 1271 1591 2773 3233 4891 5609 8051 8989 
13 21 34 55 247 713 1073 1927 2279 3953 4331 6059 7031 9991 
13 33 40 119 299 589 1189 1739 2537 3551 4453 5893 7663 9167 
13 36 65 77 437 493 1333 1517 2867 3127 5183 5293 8383 8633 
13 39 46 85 133 319 1457 1961 2419 2623 5561 6319 7081 7979 
12 45 52 161 187 703 899 2021 2173 4087 4189 6497 6557 
14 51 56 95 253 377 1643 2183 2501 2881 3337 7373 8137 8881 9701 
12 57 58 115 217 221 407 2747 3053 3431 4187 4897 5429 
13 63 68 145 209 403 851 2911 3139 3149 4399 4661 5917 9523 
12 66 155 203 481 697 817 1081 3763 4307 4819 5963 8549 
13 69 70 341 533 629 893 1247 3869 5063 5251 6499 7171 8453 
14 75 76 259 451 527 559 1219 1363 5723 6161 6901 7597 7957 8927 
13 78 175 473 779 799 1357 1537 1891 2479 6887 7519 8611 9379 
12 86 87 185 287 517 689 1003 1159 1541 2201 7811 9047 
11 88 93 205 301 611 901 1121 1403 1943 2627 8249 
11 92 99 215 329 767 1007 1037 2059 2077 2701 3239 
11 94 105 583 731 793 943 1273 1711 2263 2923 7313 
12 96 235 371 649 871 989 1207 1387 1769 2449 3071 3649 
14 100 111 413 671 923 1139 1501 1679 2407 2759 3977 4343 4841 5671 
13 106 117 245 737 1241 1349 1817 1829 2257 2581 3403 4171 4747 
16 112 123 265 781 949 1343 1577 2047 2813 3131 3811 4601 5123 6667 7747 8777 
15 116 129 275 427 1027 1411 1633 1691 2993 3007 3737 5029 5459 6431 7571 
17 118 135 469 803 1079 1513 1843 2291 2323 3193 3959 4469 4859 5969 6943 8357 9869 
17 120 497 869 1157 1649 1909 1919 2117 3317 4033 4223 5311 5461 7261 7729 8479 9983 
16 124 141 295 511 913 1261 1717 1957 2461 3161 3293 3397 4633 6731 7991 9179 
16 130 147 979 1751 2033 2231 2573 2929 3713 4181 4687 5207 7367 8083 9089 9301 
16 134 153 305 539 1313 2071 2369 3103 3503 3569 3589 4183 5371 7493 7897 9727 
16 136 159 325 553 1067 2147 2507 2987 3827 3901 3937 4141 4847 6313 9211 9313 
16 142 165 581 1339 1819 2413 2599 3379 3799 4559 4717 5069 5699 5959 6407 9577 
17 144 335 623 1111 1391 1853 2489 2921 3277 4247 4429 5141 5143 6109 7097 9263 9943 
16 146 171 355 637 1133 1921 3013 3683 4309 4387 5353 5513 5891 6649 7379 8909 
17 148 177 365 679 1177 1417 2159 2603 3197 4061 4321 5989 6191 6283 6751 6767 7661 
16 154 183 395 1469 2227 2641 3151 4379 4619 4699 5777 6077 6437 7009 7169 7849 
16 156 385 2329 2831 3473 4031 4867 5633 6031 6527 6847 7303 8023 8131 9271 9487 
15 160 189 1199 1651 2363 2869 3427 3973 5053 5809 6157 6893 7093 7181 9593 
16 162 415 707 1243 1703 2533 2983 3749 4681 4843 5617 5977 6401 7739 8413 8509 
15 166 195 721 1397 2567 3097 3611 5017 5177 6439 6623 7421 8201 8213 9563 
15 172 201 425 749 1441 1781 3173 3979 4553 5549 5587 6533 6683 8791 9017 
13 176 207 445 763 1807 2669 3287 4727 5611 6179 6493 7003 7339 
14 178 213 455 1507 2771 3401 3841 5249 5363 7067 7913 8003 8471 9353 
15 184 219 475 791 1529 1937 2839 5191 5921 6697 7439 8077 8321 9071 9617 
13 186 485 833 1573 3439 4117 5539 7141 8159 8639 9073 9259 9853 
13 188 225 847 1963 2941 3629 4163 5597 6107 7363 7697 8651 8851 
11 190 231 2041 3043 4393 5713 5983 7783 7807 9143 9169 
13 196 237 505 1639 2119 3077 3667 4531 5771 6541 7831 8251 9761 
15 202 249 515 889 1661 2171 3247 3743 4439 6119 6169 8399 8507 9389 9589 
13 204 535 917 1727 2249 3781 4853 6467 7037 7289 8299 8977 9553 
11 206 255 931 1793 2327 4577 6583 6913 8473 9799 9917 
12 208 261 545 959 1837 3281 4009 5129 7099 8557 8621 9307 
9 210 1859 3349 4237 5221 6641 7223 8843 9881 
12 214 267 565 973 1903 2353 3383 4313 5267 6757 7409 8917 
8 216 575 1001 3587 4351 6931 7471 9287 
10 218 273 605 3791 4427 5497 6989 7781 9509 9847 
9 220 279 1043 2483 3859 4541 5359 7279 9731 
8 222 595 1969 2509 4579 5773 7453 8153 
10 226 285 1057 1991 2561 3893 5543 7627 7967 9953 
9 232 291 635 1099 2057 2587 4769 5911 8339 
9 236 297 655 1127 2743 3961 4883 7801 8401 
9 238 303 685 2101 2899 4997 6187 7859 8587 
7 246 665 2123 2873 6049 8033 8711 
10 248 309 695 1141 2167 2951 4063 5111 6233 8149 
10 250 321 1169 2189 2977 4097 5149 6371 8207 9083 
8 254 315 2299 3029 4267 6463 8497 8773 
8 258 715 1211 4369 5263 6509 8903 9641 
9 260 327 1253 2321 4471 5339 6739 9019 9517 
9 262 333 725 1183 2453 4573 5377 7061 9703 
7 266 339 745 2431 7153 9077 9827 
8 268 345 1267 2497 3107 4607 5567 9193 
7 274 351 755 1309 5833 7199 9599 
8 276 775 1337 2519 3133 4709 5909 9773 
5 280 363 3211 4777 7291 
5 286 357 785 5947 7613 
6 288 805 2563 3263 4811 6023 
9 292 369 815 1351 2629 3341 4981 6289 7751 
8 296 375 1379 2651 3419 5219 6403 7981 
7 298 381 835 1393 2717 5287 8027 
7 300 1421 2761 3497 5321 6593 8119 
6 302 387 845 1463 5389 8257 
7 304 393 865 1477 2783 3523 5627 
6 306 875 2827 3601 6631 8441 
6 310 399 2893 3653 5729 8579 
7 316 405 1519 2959 3679 5491 8717 
6 320 411 1547 2981 6707 8809 
6 322 417 895 3047 3757 6821 
8 324 905 1561 3091 3809 5899 6973 8947 
8 326 423 925 1589 3113 3887 5933 7087 
7 328 429 955 1603 6001 7201 9131 
6 330 1631 3991 6103 7277 9223 
7 334 435 1673 3179 4043 7391 9407 
5 336 935 4069 7543 9637 
6 340 441 3223 4121 7619 9683 
5 342 965 1687 3289 6239 
7 346 447 985 1729 3377 6341 9913 
6 352 453 995 1757 4199 9959 
6 356 459 1015 3421 4303 7771 
5 358 465 1771 4381 6137 
6 364 471 1025 3443 6443 7961 
5 366 1045 1799 4511 6511 
7 370 477 1841 3487 4537 6613 7999 
7 372 1055 1813 3509 4589 6647 8189 
5 376 483 1075 3553 4667 
4 378 1105 3641 8227 
6 382 489 1085 3707 4693 6749 
6 386 495 1883 4771 6817 8303 
8 388 501 1115 1897 3751 4849 6953 8341 
6 392 507 1135 3817 7123 8417 
7 394 513 1145 1939 3839 4901 7157 
6 396 1165 1967 4927 7327 8531 
7 400 519 1981 3883 4979 7361 8683 
5 404 525 3949 5057 7429 
5 406 531 1175 3971 5083 
6 408 1195 2009 4037 5161 8759 
7 412 537 1205 2023 4103 5213 8797 
5 414 1225 4147 7463 8873 
7 416 543 1255 2051 4169 7531 9101 
5 418 549 1285 2093 7633 
7 424 555 2107 4213 5239 7769 9253 
5 426 1235 2149 4279 7837 
5 428 561 1295 5317 9329 
5 430 567 4301 5447 9481 
7 436 573 1265 2177 5473 7871 9557 
7 438 1315 2191 4367 5603 7939 9671 
6 442 579 1325 2219 4411 9899 
5 446 585 2233 8143 9937 
5 448 591 1345 4433 8279 
6 452 597 1355 2261 4477 5629 
6 454 603 1375 2303 5681 8347 
6 456 1385 2317 4499 5707 8381 
5 460 609 4609 5759 8483 
6 466 615 2359 4631 5837 8551 
5 470 621 2387 5941 8653 
6 472 627 1405 2429 5993 8857 
6 474 1415 2443 4741 6019 8891 
5 476 633 1465 4763 6071 
6 478 639 1435 4807 6227 8959 
6 482 645 2471 4829 6253 8993 
4 484 651 1445 6331 
6 486 1475 2513 4873 6383 9197 
4 490 657 4939 6409 
5 494 669 1505 4961 9299 
5 496 663 1525 2527 5027 
5 498 1495 2569 5071 9367 
6 502 675 2597 5093 6487 9469 
6 506 681 1535 2611 6539 9571 
6 508 687 1555 2639 5137 9673 
5 514 693 1565 6617 9707 
6 516 1585 2653 5269 6773 9809 
5 518 699 1595 6799 9979 
4 520 711 2681 5203 
4 522 1615 2723 5291 
5 526 705 2737 5357 6929 
3 528 1625 2779 
5 532 717 1655 5401 6851 
4 534 1645 5423 6877 
6 536 723 1685 2807 5489 7033 
4 538 735 5533 7111 
3 540 2821 5599 
4 544 741 1675 2849 
2 546 1705 
4 550 747 2863 7163 
4 552 1715 5687 7241 
6 554 753 1735 2891 5731 7267 
5 556 759 1745 2933 7319 
4 560 771 5753 7397 
5 562 765 2947 5819 7423 
5 566 777 1765 5797 7501 
5 568 783 1795 2989 5863 
5 574 789 1775 5951 7631 
5 576 1805 3017 6017 7709 
5 580 801 3031 6127 7657 
4 582 1825 3059 6149 
5 584 795 3073 6061 7787 
6 586 807 1835 3101 6193 7813 
5 590 813 3143 6259 7891 
4 592 819 1865 6281 
4 596 825 3199 7943 
4 598 831 1855 6347 
4 604 837 1885 3157 
5 606 1895 3227 6413 7969 
5 610 843 3241 6457 8021 
5 612 1915 3269 6479 8047 
4 616 849 1945 8177 
5 622 855 3283 6523 8203 
2 624 1925 
5 628 861 1955 6589 8333 
3 630 6611 8359 
5 634 867 1975 3311 8411 
5 636 1985 3353 6677 8489 
4 638 873 2005 3367 
4 640 879 3409 6721 
5 646 885 3437 6743 8567 
3 650 891 3451 
4 652 897 2035 3479 
4 656 903 2015 6787 
5 658 909 2045 6809 8593 
5 664 915 3493 6919 8671 
4 666 2065 6941 8749 
6 668 921 2075 3521 7051 8801 
5 670 927 3563 7073 8879 
4 672 2095 7117 8957 
5 676 933 2105 3577 7139 
4 680 939 3619 8983 
3 682 945 9061 
5 686 951 2125 7183 9113 
4 688 957 2135 9139 
4 690 3647 7249 9217 
6 694 963 2155 3661 7271 9269 
5 696 2165 3689 7381 9347 
6 698 969 2195 3703 7403 9451 
4 700 981 7337 9503 
3 704 975 3787 
5 706 987 2185 7447 9529 
4 708 2215 3731 7513 
5 712 993 2245 3773 9607 
3 714 2225 7579 
5 716 999 2255 3829 9659 
5 718 1005 3857 7601 9763 
4 722 1011 2275 7667 
6 724 1017 2285 3871 7711 9841 
4 726 2305 3899 9893 
4 732 2315 3913 7733 
5 736 1023 2335 3941 9971 
4 738 2345 7799 9997 
3 742 1035 7909 
3 746 1029 2365 
4 748 1041 2375 3983 
3 750 3997 7843 
5 754 1047 2395 4039 7997 
3 756 2405 8041 
4 760 1053 4067 8063 
4 764 1059 2425 4081 
4 766 1065 4109 8107 
4 768 2435 4123 8129 
4 772 1071 2455 8173 
5 776 1077 2465 4151 8261 
4 778 1083 2485 8327 
3 780 4193 8371 
4 782 1089 2495 4207 
3 784 1095 8437 
4 786 2515 4249 8459 
4 790 1101 4277 8503 
3 792 2525 4291 
5 794 1107 2545 4319 8591 
4 796 1113 2575 8569 
4 800 1119 4333 8657 
4 802 1125 4361 8723 
3 804 2555 8767 
4 806 1137 2585 4403 
5 808 1131 2605 4417 8789 
4 814 1143 2615 4459 
4 816 2645 4487 8833 
5 818 1149 2635 4501 8899 
4 820 1161 4529 8921 
4 826 1167 2665 8987 
2 832 1155 
3 834 2675 4543 
4 836 1173 2705 4571 
3 838 1179 2695 
4 844 1185 4613 9031 
4 846 2725 4627 9053 
5 848 1191 2735 4669 9097 
3 850 1197 9119 
3 852 2755 4697 
4 856 1203 2765 9229 
5 862 1209 2785 4711 9251 
4 866 1215 4739 9361 
3 868 1221 2795 
3 870 4753 9383 
5 872 1227 2815 4781 9427 
5 874 1233 2825 4823 9449 
4 876 2845 4837 9493 
2 880 1239 
4 886 1245 4879 9559 
4 890 1251 4907 9581 
5 892 1257 2855 4921 9647 
4 894 2875 4949 9691 
4 896 1263 2885 9713 
4 898 1269 2905 9757 
3 900 4963 9823 
3 902 1275 4991 
3 904 1281 2915 
4 906 2935 5033 9889 
3 910 1293 9911 
4 914 1287 2945 5047 
5 916 1299 2965 5089 9977 
3 918 2995 5131 
3 922 1305 5117 
2 924 3005 
3 926 1311 2975 
4 928 1317 3025 5173 
3 932 1323 3035 
4 934 1329 3055 5159 
3 936 3065 5201 
3 940 1341 5243 
3 944 1335 5257 
4 946 1347 3085 5299 
3 950 1353 5327 
3 952 1359 3095 
2 956 1365 
3 958 1371 3115 
2 960 5341 
4 964 1377 3155 5369 
2 966 3145 
3 970 1383 5383 
4 974 1389 3175 5411 
3 976 1395 5453 
2 980 1401 
3 982 1407 3205 
3 986 1413 3185 
4 988 1419 3215 5509 
2 990 5537 
2 994 1425 
3 996 3235 5467 
3 1000 1431 5551 
3 1002 3245 5579 
4 1004 1437 3265 5593 
4 1006 1443 3275 5621 
2 1008 3295 
3 1012 1455 5663 
3 1016 1449 3305 
3 1018 1461 3325 
4 1024 1467 3335 5677 
3 1026 3355 5747 
4 1028 1473 3365 5719 
3 1030 1479 5761 
2 1036 1485 
3 1038 3385 5789 
3 1042 1491 3415 
2 1044 3395 
4 1046 1497 3425 5803 
4 1048 1503 3445 5831 
4 1054 1509 3455 5873 
3 1056 3475 5887 
3 1058 1515 5929 
3 1060 1521 5957 
4 1066 1527 3505 5971 
3 1068 3485 5999 
3 1072 1533 3515 
2 1074 3535 
4 1076 1539 3545 6013 
2 1078 1545 
2 1080 6041 
4 1082 1551 3565 6097 
4 1084 1557 3575 6139 
3 1086 3595 6083 
3 1090 1563 6167 
3 1096 1569 3605 
3 1100 1581 6181 
2 1102 1575 
3 1106 1587 3625 
4 1108 1593 3635 6209 
4 1112 1599 3655 6223 
3 1114 1605 6251 
3 1116 3665 6307 
2 1120 1611 
3 1122 3695 6293 
3 1126 1617 3715 
3 1128 3685 6349 
4 1132 1623 3725 6377 
2 1134 3755 
3 1136 1629 3745 
3 1138 1635 6391 
2 1140 6419 
4 1142 1641 3775 6433 
4 1144 1647 3785 6503 
3 1146 3805 6461 
3 1148 1653 3835 
2 1150 1659 
3 1156 1665 6517 
2 1158 3815 
3 1160 1671 6559 
3 1162 1677 3845 
4 1166 1689 3865 6587 
4 1168 1683 3875 6601 
2 1170 6629 
3 1174 1695 6643 
2 1176 3895 
3 1178 1701 3905 
3 1180 1707 6671 
4 1184 1713 3925 6713 
4 1186 1719 3935 6727 
2 1190 1731 
3 1192 1725 6769 
3 1196 1737 3955 
3 1198 1743 3965 
2 1200 6797 
3 1204 1749 3985 
3 1206 3995 6811 
3 1208 1755 6839 
3 1210 1761 6881 
3 1212 4015 6923 
3 1216 1773 4025 
3 1220 1767 6853 
4 1222 1779 4045 6937 
2 1226 1785 
4 1228 1791 4055 6979 
4 1234 1797 4075 7007 
3 1236 4085 7021 
3 1240 1803 7049 
3 1242 4105 7063 
4 1244 1809 4115 7091 
2 1246 1815 
3 1248 4135 7133 
4 1252 1821 4145 7147 
2 1254 4165 
3 1256 1827 4175 
4 1258 1833 4195 7217 
4 1262 1839 4205 7189 
3 1264 1845 7231 
3 1266 4225 7259 
3 1268 1851 4235 
3 1270 1857 7273 
3 1272 4255 7301 
3 1274 1863 4265 
3 1276 1869 4285 
3 1282 1875 7343 
4 1286 1881 4295 7357 
3 1288 1887 4315 
4 1294 1893 4325 7399 
3 1296 4345 7427 
3 1300 1899 7441 
3 1306 1905 7469 
2 1310 1911 
4 1312 1917 4355 7483 
2 1314 4375 
3 1316 1923 4385 
4 1318 1929 4405 7511 
3 1324 1935 7553 
3 1326 4415 7567 
2 1330 1941 
4 1334 1947 4435 7609 
3 1336 1953 4465 
2 1338 4445 
3 1340 1959 7637 
3 1342 1965 7651 
2 1344 4475 
4 1346 1971 4495 7679 
4 1348 1977 4505 7693 
2 1350 7721 
4 1352 1983 4525 7763 
4 1354 1989 4535 7777 
3 1356 4555 7819 
3 1358 2001 4565 
3 1360 2007 7847 
2 1364 1995 
3 1366 2013 4585 
3 1372 2019 4595 
3 1376 2025 7861 
4 1378 2031 4625 7889 
2 1380 7903 
3 1384 2037 4615 
2 1386 4645 
3 1388 2043 4655 
3 1390 2049 7931 
3 1392 4675 7987 
3 1394 2055 8029 
4 1396 2061 4685 7973 
3 1398 4705 8057 
4 1402 2067 4715 8071 
3 1404 4735 8113 
4 1406 2073 4745 8141 
3 1408 2085 8099 
3 1412 2079 4765 
3 1414 2091 4775 
2 1416 4795 
4 1418 2097 4805 8183 
3 1420 2103 8197 
3 1422 4825 8239 
4 1426 2109 4835 8267 
3 1432 2115 8281 
3 1436 2121 4855 
3 1438 2127 4865 
3 1442 2133 4885 
4 1444 2139 4895 8309 
3 1446 4915 8323 
3 1450 2151 8351 
3 1456 2157 4925 
3 1458 4945 8393 
3 1462 2145 8407 
3 1464 4955 8449 
3 1466 2163 4975 
4 1468 2169 4985 8477 
1 1470 
3 1474 2175 8491 
2 1476 5005 
4 1478 2181 5015 8519 
3 1480 2193 8533 
4 1486 2199 5035 8561 
2 1492 2205 
4 1496 2217 5045 8603 
3 1498 2211 5065 
3 1502 2223 5075 
4 1504 2229 5095 8617 
3 1506 5105 8659 
3 1508 2235 8687 
3 1510 2241 8701 
3 1514 2247 5125 
4 1516 2253 5135 8729 
3 1518 5155 8743 
3 1520 2259 8771 
3 1522 2265 8813 
3 1526 2271 5165 
4 1528 2277 5185 8827 
2 1530 8869 
4 1534 2283 5195 8897 
2 1536 5215 
3 1538 2289 5225 
2 1540 2301 
3 1542 5245 8911 
3 1546 2295 8939 
3 1548 5255 8953 
4 1552 2307 5275 8981 
3 1556 2313 5285 
4 1558 2319 5305 9023 
3 1562 2325 9037 
3 1564 2331 5315 
3 1566 5335 9079 
3 1570 2337 9107 
4 1574 2343 5345 9121 
4 1576 2349 5375 9149 
3 1578 5365 9163 
2 1582 2355 
4 1586 2361 5405 9233 
4 1588 2367 5395 9247 
2 1590 9191 
3 1592 2373 5435 
3 1594 2379 5425 
2 1596 5455 
3 1600 2391 9289 
3 1604 2385 9317 
4 1606 2397 5465 9331 
4 1612 2403 5485 9359 
3 1616 2409 5495 
2 1618 2415 
3 1624 2421 5515 
3 1626 5525 9443 
3 1630 2427 9373 
3 1632 5545 9457 
4 1634 2433 5555 9401 
4 1636 2439 5575 9499 
3 1640 2451 9527 
3 1642 2445 9541 
3 1644 5585 9569 
3 1646 2457 5605 
4 1648 2463 5615 9583 
2 1650 9611 
3 1652 2469 5645 
3 1654 2475 9653 
3 1656 5665 9667 
3 1660 2481 9709 
2 1662 5635 
3 1666 2487 5675 
4 1672 2493 5695 9737 
2 1674 5705 
3 1676 2499 5725 
3 1678 2505 9751 
1 1680 
4 1684 2511 5755 9779 
3 1686 5735 9793 
4 1688 2517 5765 9821 
3 1690 2523 9863 
3 1692 5785 9877 
4 1696 2529 5795 9919 
3 1702 2535 9947 
3 1704 5815 9961 
3 1706 2541 5825 
3 1708 2547 5855 
3 1712 2553 5845 
4 1714 2559 5875 9989 
2 1716 5905 
2 1718 2565 
2 1720 2571 
3 1726 2577 5885 
2 1728 5915 
2 1730 2583 
3 1732 2589 5935 
2 1736 2595 
3 1738 2601 5945 
1 1740 
3 1744 2607 5965 
2 1746 5975 
2 1750 2613 
2 1752 5995 
3 1756 2619 6005 
2 1758 6025 
2 1762 2625 
2 1764 6035 
3 1766 2631 6055 
3 1768 2637 6065 
1 1770 
3 1772 2643 6085 
3 1774 2649 6095 
2 1776 6115 
2 1780 2661 
2 1782 6125 
2 1786 2655 
3 1792 2673 6145 
2 1794 6155 
3 1796 2667 6175 
3 1798 2679 6185 
1 1800 
2 1804 2685 
2 1806 6205 
3 1808 2691 6235 
2 1810 2697 
3 1814 2703 6215 
3 1816 2709 6245 
2 1818 6265 
2 1820 2721 
2 1822 2715 
3 1826 2727 6275 
3 1828 2733 6295 
1 1830 
3 1834 2739 6305 
2 1836 6325 
2 1838 2745 
2 1840 2751 
2 1842 6335 
3 1844 2757 6355 
3 1846 2763 6365 
3 1852 2769 6385 
2 1854 6395 
2 1856 2775 
3 1858 2781 6415 
1 1860 
3 1864 2787 6425 
2 1866 6445 
2 1870 2793 
3 1876 2799 6455 
2 1882 2805 
2 1884 6475 
3 1886 2811 6485 
3 1888 2817 6505 
3 1892 2823 6515 
3 1894 2829 6535 
2 1896 6545 
2 1898 2835 
2 1900 2841 
3 1904 2847 6575 
3 1906 2853 6565 
2 1910 2859 
2 1912 2865 
3 1916 2871 6595 
3 1918 2883 6605 
1 1920 
3 1922 2877 6625 
3 1924 2889 6635 
2 1926 6655 
2 1928 2895 
2 1930 2901 
3 1936 2907 6665 
2 1938 6685 
2 1940 2913 
3 1942 2919 6695 
2 1944 6715 
2 1946 2925 
3 1948 2931 6725 
3 1954 2937 6745 
2 1956 6755 
3 1958 2943 6775 
2 1960 2949 
2 1962 6785 
2 1964 2955 
3 1966 2961 6805 
2 1968 6815 
2 1970 2967 
3 1972 2973 6835 
3 1976 2979 6845 
2 1978 2985 
3 1982 2991 6865 
3 1984 2997 6875 
2 1986 6895 
2 1990 3003 
2 1992 6905 
3 1996 3009 6925 
2 2002 3015 
3 2006 3021 6955 
3 2008 3027 6935 
1 2010 
3 2014 3033 6965 
2 2016 6985 
2 2020 3039 
2 2022 6995 
2 2024 3045 
3 2026 3051 7015 
3 2032 3057 7025 
2 2034 7045 
3 2036 3063 7055 
3 2038 3069 7075 
2 2042 3075 
3 2044 3081 7115 
2 2046 7085 
3 2048 3087 7135 
2 2050 3093 
2 2052 7105 
3 2056 3099 7145 
2 2058 7165 
2 2060 3111 
2 2062 3105 
3 2066 3117 7175 
3 2068 3123 7195 
2 2072 3135 
3 2074 3129 7205 
2 2076 7225 
3 2078 3141 7235 
2 2080 3147 
3 2086 3153 7255 
3 2092 3159 7265 
2 2094 7285 
2 2096 3165 
3 2098 3171 7295 
3 2102 3177 7315 
3 2104 3183 7325 
2 2106 7355 
3 2108 3189 7345 
2 2110 3201 
2 2116 3195 
2 2118 7375 
2 2120 3207 
3 2122 3213 7405 
2 2124 7385 
3 2126 3219 7415 
2 2128 3225 
3 2134 3231 7435 
2 2136 7445 
2 2140 3237 
3 2146 3243 7465 
2 2148 7475 
2 2150 3249 
2 2152 3255 
3 2156 3261 7495 
3 2158 3267 7505 
1 2160 
3 2164 3273 7525 
2 2166 7535 
3 2168 3279 7555 
2 2170 3291 
2 2172 7565 
2 2174 3285 
3 2176 3297 7585 
2 2178 7595 
3 2182 3303 7615 
2 2184 7625 
3 2186 3309 7645 
1 2190 
2 2192 3315 
3 2194 3321 7655 
2 2196 7675 
2 2200 3327 
2 2202 7685 
3 2206 3333 7705 
2 2212 3345 
3 2216 3339 7715 
3 2218 3351 7735 
1 2220 
3 2224 3357 7745 
2 2226 7765 
3 2228 3363 7775 
2 2230 3369 
2 2232 7795 
2 2234 3375 
3 2236 3381 7825 
3 2242 3387 7805 
3 2246 3393 7835 
3 2248 3399 7855 
1 2250 
2 2254 3405 
2 2256 7865 
3 2258 3411 7885 
2 2260 3417 
2 2262 7895 
3 2264 3423 7915 
3 2266 3429 7925 
2 2272 3435 
3 2276 3441 7945 
3 2278 3447 7955 
1 2280 
3 2284 3453 7975 
2 2286 7985 
2 2290 3459 
2 2292 8005 
3 2296 3471 8035 
2 2300 3477 
2 2302 3465 
2 2304 8015 
3 2306 3483 8045 
3 2308 3489 8065 
2 2314 3495 
2 2316 8075 
3 2318 3501 8095 
2 2320 3507 
2 2322 8105 
3 2324 3513 8125 
3 2326 3519 8135 
2 2328 8155 
2 2330 3531 
2 2332 3525 
3 2336 3537 8165 
3 2338 3543 8185 
3 2344 3549 8195 
2 2346 8215 
2 2350 3561 
2 2354 3555 
3 2356 3567 8225 
2 2360 3573 
3 2362 3579 8245 
2 2364 8255 
2 2366 3585 
3 2368 3591 8275 
1 2370 
3 2374 3597 8285 
2 2376 8315 
2 2380 3603 
3 2386 3609 8305 
2 2388 8335 
2 2392 3615 
3 2396 3621 8345 
3 2398 3627 8365 
3 2404 3633 8375 
2 2406 8395 
3 2408 3639 8405 
2 2410 3651 
2 2414 3645 
3 2416 3657 8425 
2 2420 3669 
3 2422 3663 8455 
2 2426 3675 
3 2428 3681 8435 
1 2430 
3 2432 3687 8465 
3 2434 3693 8485 
2 2436 8495 
2 2440 3699 
3 2444 3711 8525 
2 2446 3705 
2 2450 3723 
3 2452 3717 8515 
2 2454 8545 
3 2456 3729 8555 
2 2458 3735 
3 2462 3741 8575 
3 2464 3747 8585 
2 2466 8605 
2 2470 3753 
2 2472 8615 
3 2476 3759 8635 
2 2480 3771 
2 2482 3765 
2 2484 8645 
3 2486 3777 8665 
3 2488 3783 8675 
1 2490 
3 2492 3789 8695 
2 2494 3795 
2 2496 8705 
3 2498 3801 8725 
2 2500 3807 
2 2502 8735 
3 2506 3813 8755 
2 2508 8765 
2 2510 3819 
2 2512 3825 
2 2514 8785 
3 2516 3831 8795 
3 2518 3837 8815 
1 2520 
3 2524 3843 8825 
2 2526 8845 
3 2528 3849 8855 
2 2530 3867 
2 2534 3855 
3 2536 3861 8875 
2 2538 8885 
3 2542 3873 8905 
3 2546 3879 8915 
3 2548 3891 8935 
2 2554 3885 
2 2556 8945 
2 2560 3897 
2 2562 8965 
3 2564 3903 8975 
3 2566 3909 8995 
2 2568 9005 
2 2570 3921 
2 2572 3915 
2 2574 9025 
3 2576 3939 9055 
3 2578 3927 9035 
3 2582 3933 9065 
2 2584 3945 
2 2586 9085 
3 2588 3951 9095 
2 2590 3957 
3 2596 3963 9115 
2 2598 9125 
2 2600 3969 
2 2602 3975 
2 2604 9155 
3 2606 3981 9145 
3 2608 3987 9175 
3 2612 3993 9205 
3 2614 3999 9185 
2 2616 9215 
2 2620 4011 
2 2624 4005 
3 2626 4023 9235 
2 2628 9245 
2 2630 4017 
3 2632 4029 9295 
2 2636 4035 
3 2638 4041 9265 
1 2640 
3 2642 4047 9275 
3 2644 4053 9305 
2 2646 9325 
2 2650 4059 
2 2652 9335 
2 2654 4065 
3 2656 4071 9355 
3 2662 4077 9365 
3 2666 4083 9385 
2 2668 4095 
1 2670 
3 2674 4089 9395 
2 2676 9415 
2 2680 4101 
2 2682 9425 
3 2686 4107 9445 
3 2692 4113 9455 
3 2696 4119 9475 
2 2698 4125 
3 2702 4131 9505 
3 2704 4137 9515 
2 2706 9485 
2 2710 4143 
3 2716 4149 9535 
2 2718 9545 
2 2722 4155 
2 2724 9565 
3 2726 4161 9575 
3 2728 4167 9595 
3 2734 4173 9605 
2 2736 9625 
3 2738 4179 9635 
2 2740 4191 
2 2744 4185 
3 2746 4197 9655 
2 2748 9665 
3 2752 4203 9685 
3 2756 4209 9695 
2 2758 4215 
1 2760 
3 2762 4221 9725 
3 2764 4227 9715 
2 2766 9745 
2 2770 4233 
2 2772 9755 
3 2774 4239 9775 
2 2776 4245 
2 2780 4251 
3 2782 4257 9785 
2 2784 9805 
3 2786 4269 9815 
3 2788 4263 9845 
2 2794 4275 
2 2796 9835 
2 2800 4281 
3 2806 4287 9865 
2 2808 9875 
3 2812 4293 9895 
2 2814 9925 
3 2816 4299 9905 
2 2818 4305 
3 2822 4311 9935 
3 2824 4317 9955 
2 2826 9965 
3 2828 4323 9985 
2 2830 4329 
2 2832 9995 
2 2836 4335 
2 2840 4341 
2 2842 4353 
2 2846 4347 
2 2848 4359 
1 2850 
2 2854 4365 
1 2856 
2 2860 4371 
2 2864 4377 
2 2866 4383 
1 2868 
2 2870 4401 
2 2872 4389 
1 2874 
2 2876 4395 
2 2878 4407 
2 2882 4413 
2 2884 4419 
1 2886 
2 2890 4431 
1 2892 
2 2894 4425 
2 2896 4437 
2 2900 4443 
2 2902 4449 
2 2906 4455 
2 2908 4461 
2 2912 4467 
2 2914 4473 
1 2916 
2 2920 4479 
1 2922 
2 2924 4485 
2 2926 4491 
2 2930 4497 
2 2932 4503 
1 2934 
2 2936 4509 
2 2938 4515 
2 2942 4521 
2 2944 4527 
1 2946 
2 2948 4533 
2 2950 4539 
1 2952 
2 2956 4545 
2 2960 4557 
2 2962 4551 
2 2966 4563 
2 2968 4569 
2 2974 4575 
1 2976 
2 2978 4581 
2 2980 4587 
1 2982 
2 2984 4593 
2 2986 4599 
1 2988 
2 2990 4611 
2 2992 4605 
1 2994 
2 2996 4617 
2 2998 4623 
2 3004 4629 
1 3006 
2 3008 4635 
2 3010 4647 
2 3014 4641 
2 3016 4653 
1 3018 
2 3022 4659 
2 3026 4665 
2 3028 4671 
1 3030 
2 3032 4677 
2 3034 4683 
1 3036 
2 3040 4689 
2 3044 4695 
2 3046 4701 
1 3048 
2 3052 4707 
1 3054 
2 3056 4713 
2 3058 4725 
1 3060 
2 3064 4719 
1 3066 
2 3070 4731 
1 3072 
2 3074 4737 
2 3076 4743 
1 3078 
2 3082 4749 
2 3086 4755 
2 3088 4761 
2 3092 4767 
2 3094 4773 
1 3096 
2 3098 4779 
2 3100 4791 
1 3102 
2 3104 4785 
2 3106 4797 
1 3108 
2 3112 4803 
1 3114 
2 3116 4809 
2 3118 4815 
2 3124 4821 
2 3128 4827 
2 3130 4833 
1 3132 
2 3134 4839 
2 3136 4845 
2 3140 4851 
2 3142 4857 
1 3144 
2 3146 4863 
2 3148 4869 
1 3150 
2 3152 4875 
2 3154 4881 
1 3156 
2 3158 4887 
2 3160 4893 
1 3162 
2 3166 4899 
2 3172 4905 
1 3174 
2 3176 4911 
2 3178 4917 
1 3180 
2 3184 4923 
1 3186 
2 3190 4929 
2 3194 4935 
2 3196 4941 
1 3198 
2 3200 4947 
2 3202 4953 
2 3206 4959 
2 3208 4965 
2 3212 4971 
2 3214 4977 
1 3216 
2 3220 4983 
2 3224 4989 
2 3226 4995 
1 3228 
2 3232 5001 
1 3234 
2 3236 5007 
2 3238 5013 
1 3240 
2 3242 5019 
2 3244 5025 
1 3246 
2 3248 5031 
2 3250 5037 
2 3256 5043 
2 3262 5049 
1 3264 
2 3266 5055 
2 3268 5061 
1 3270 
2 3274 5067 
1 3276 
2 3278 5073 
2 3280 5079 
1 3282 
2 3284 5085 
2 3286 5091 
1 3288 
2 3290 5097 
2 3292 5103 
1 3294 
2 3296 5109 
2 3298 5115 
2 3304 5121 
1 3306 
2 3310 5127 
1 3312 
2 3316 5133 
1 3318 
2 3322 5139 
2 3326 5145 
2 3328 5151 
2 3334 5157 
1 3336 
2 3338 5163 
2 3340 5169 
1 3342 
2 3346 5175 
2 3350 5181 
2 3352 5187 
1 3354 
2 3356 5193 
2 3358 5199 
2 3364 5205 
1 3366 
2 3368 5211 
2 3370 5217 
2 3376 5223 
1 3378 
2 3380 5229 
2 3382 5235 
1 3384 
2 3386 5241 
2 3388 5253 
2 3394 5247 
1 3396 
2 3398 5259 
2 3400 5271 
1 3402 
2 3404 5265 
2 3406 5277 
2 3410 5283 
2 3412 5289 
2 3416 5295 
2 3418 5301 
1 3420 
2 3422 5313 
2 3424 5307 
1 3426 
2 3428 5319 
2 3430 5331 
1 3432 
2 3436 5325 
1 3438 
2 3440 5337 
2 3442 5343 
1 3444 
2 3446 5349 
2 3448 5355 
2 3452 5361 
2 3454 5367 
1 3456 
2 3460 5373 
2 3466 5379 
2 3472 5385 
1 3474 
2 3476 5391 
2 3478 5397 
1 3480 
2 3484 5403 
1 3486 
2 3488 5409 
2 3490 5421 
2 3494 5415 
2 3496 5427 
1 3498 
2 3502 5433 
1 3504 
2 3506 5439 
2 3508 5445 
1 3510 
2 3514 5451 
1 3516 
2 3520 5457 
1 3522 
2 3524 5463 
2 3526 5469 
2 3532 5475 
2 3536 5481 
2 3538 5487 
2 3544 5493 
1 3546 
2 3550 5499 
1 3552 
2 3554 5505 
2 3556 5511 
2 3562 5517 
1 3564 
2 3566 5523 
2 3568 5529 
1 3570 
2 3574 5535 
1 3576 
2 3578 5541 
2 3580 5547 
2 3586 5553 
1 3588 
2 3590 5559 
2 3592 5565 
2 3596 5571 
2 3598 5577 
1 3600 
2 3602 5583 
2 3604 5589 
1 3606 
2 3610 5601 
1 3612 
2 3616 5595 
2 3620 5607 
2 3622 5613 
2 3626 5619 
2 3628 5625 
1 3630 
2 3634 5631 
1 3636 
2 3640 5637 
1 3642 
2 3646 5643 
1 3648 
2 3650 5649 
2 3652 5655 
1 3654 
2 3656 5661 
2 3658 5667 
2 3662 5673 
2 3664 5679 
1 3666 
2 3668 5685 
2 3670 5691 
2 3676 5697 
2 3680 5703 
2 3682 5709 
1 3684 
2 3686 5715 
2 3688 5721 
1 3690 
2 3694 5727 
1 3696 
2 3700 5733 
2 3704 5739 
2 3706 5745 
1 3708 
2 3712 5751 
1 3714 
2 3716 5757 
2 3718 5763 
2 3724 5769 
1 3726 
2 3730 5781 
1 3732 
2 3736 5775 
1 3738 
2 3742 5787 
1 3744 
2 3746 5793 
2 3748 5799 
1 3750 
2 3752 5805 
2 3754 5811 
1 3756 
2 3758 5817 
2 3760 5823 
2 3764 5829 
2 3766 5835 
2 3772 5841 
1 3774 
2 3776 5847 
2 3778 5853 
2 3782 5865 
2 3784 5859 
1 3786 
2 3788 5871 
2 3790 5877 
1 3792 
2 3796 5883 
2 3800 5889 
2 3802 5895 
2 3806 5901 
2 3808 5907 
1 3810 
2 3812 5913 
2 3814 5919 
1 3816 
2 3818 5925 
2 3820 5931 
2 3826 5937 
1 3828 
2 3830 5943 
2 3832 5949 
2 3836 5955 
2 3838 5961 
1 3840 
2 3842 5973 
2 3844 5967 
1 3846 
2 3850 5979 
2 3856 5985 
1 3858 
2 3860 5991 
2 3862 5997 
2 3866 6003 
2 3868 6009 
1 3870 
2 3872 6015 
2 3874 6021 
1 3876 
2 3880 6027 
2 3884 6033 
2 3886 6039 
1 3888 
2 3892 6045 
1 3894 
2 3896 6051 
2 3898 6057 
1 3900 
2 3902 6063 
2 3904 6069 
1 3906 
2 3910 6081 
2 3914 6075 
2 3916 6087 
2 3922 6093 
2 3926 6099 
2 3928 6105 
2 3934 6117 
1 3936 
2 3938 6111 
2 3940 6123 
1 3942 
2 3946 6129 
2 3950 6141 
2 3952 6135 
1 3954 
2 3956 6147 
2 3958 6153 
1 3960 
2 3962 6159 
2 3964 6165 
1 3966 
2 3970 6171 
1 3972 
2 3974 6177 
2 3976 6183 
1 3978 
2 3980 6189 
2 3982 6195 
1 3984 
2 3986 6201 
2 3988 6207 
2 3992 6213 
2 3994 6219 
1 3996 
2 3998 6225 
2 4000 6231 
2 4006 6237 
2 4010 6243 
2 4012 6249 
2 4016 6255 
2 4018 6261 
2 4024 6267 
1 4026 
2 4030 6273 
1 4032 
2 4034 6279 
2 4036 6285 
1 4038 
2 4040 6291 
2 4042 6297 
1 4044 
2 4046 6303 
2 4048 6309 
2 4054 6315 
1 4056 
2 4060 6327 
1 4062 
2 4064 6321 
2 4066 6333 
1 4068 
2 4070 6339 
2 4072 6345 
2 4076 6351 
2 4078 6357 
2 4082 6363 
2 4084 6369 
1 4086 
2 4088 6375 
2 4090 6381 
2 4096 6387 
1 4098 
2 4102 6393 
1 4104 
2 4106 6399 
2 4108 6405 
1 4110 
2 4114 6411 
1 4116 
2 4118 6417 
2 4120 6423 
1 4122 
2 4124 6429 
2 4126 6435 
2 4132 6441 
2 4136 6447 
2 4138 6453 
2 4142 6459 
2 4144 6465 
1 4146 
2 4148 6471 
2 4150 6477 
1 4152 
2 4156 6483 
2 4162 6489 
1 4164 
2 4166 6495 
2 4168 6501 
1 4170 
2 4172 6507 
2 4174 6513 
1 4176 
2 4180 6519 
1 4182 
2 4184 6525 
2 4186 6537 
1 4188 
2 4190 6531 
2 4192 6543 
1 4194 
2 4196 6549 
2 4198 6555 
1 4200 
2 4204 6567 
1 4206 
2 4208 6573 
2 4210 6579 
2 4214 6585 
2 4216 6591 
2 4222 6597 
1 4224 
2 4226 6603 
2 4228 6609 
2 4234 6615 
1 4236 
2 4238 6621 
2 4240 6627 
2 4246 6639 
1 4248 
2 4250 6633 
2 4252 6645 
2 4256 6651 
2 4258 6657 
2 4264 6663 
1 4266 
2 4268 6669 
2 4270 6681 
2 4276 6675 
1 4278 
2 4280 6687 
2 4282 6693 
2 4286 6699 
2 4288 6705 
2 4292 6711 
2 4294 6717 
1 4296 
2 4300 6723 
1 4302 
2 4304 6729 
2 4306 6735 
1 4308 
2 4310 6741 
2 4312 6747 
1 4314 
2 4316 6753 
2 4318 6759 
1 4320 
2 4322 6765 
2 4324 6771 
1 4326 
2 4330 6777 
1 4332 
2 4334 6783 
2 4336 6789 
2 4342 6795 
1 4344 
2 4346 6801 
2 4348 6807 
2 4352 6813 
2 4354 6819 
1 4356 
2 4360 6831 
1 4362 
2 4366 6825 
1 4368 
2 4370 6837 
2 4372 6843 
2 4376 6849 
2 4378 6855 
1 4380 
2 4382 6861 
2 4384 6867 
1 4386 
2 4388 6873 
2 4390 6879 
2 4394 6885 
2 4396 6891 
2 4400 6903 
2 4402 6897 
1 4404 
2 4406 6909 
2 4408 6915 
2 4412 6921 
2 4414 6927 
1 4416 
2 4418 6933 
2 4420 6939 
2 4426 6945 
1 4428 
2 4430 6951 
2 4432 6957 
1 4434 
2 4436 6963 
2 4438 6969 
1 4440 
2 4444 6975 
1 4446 
2 4450 6981 
2 4454 6993 
2 4456 6987 
2 4460 6999 
2 4462 7005 
2 4466 7011 
2 4468 7017 
1 4470 
2 4472 7023 
2 4474 7029 
1 4476 
2 4478 7035 
2 4480 7041 
2 4486 7047 
1 4488 
2 4492 7053 
2 4496 7059 
2 4498 7065 
1 4500 
2 4502 7071 
2 4504 7077 
1 4506 
2 4510 7083 
1 4512 
2 4516 7089 
2 4522 7095 
2 4526 7101 
2 4528 7107 
1 4530 
2 4532 7113 
2 4534 7119 
1 4536 
2 4538 7125 
2 4540 7131 
1 4542 
2 4544 7137 
2 4546 7143 
2 4552 7149 
1 4554 
2 4556 7155 
2 4558 7161 
1 4560 
2 4564 7167 
1 4566 
2 4570 7173 
1 4572 
2 4574 7179 
2 4576 7185 
1 4578 
2 4580 7191 
2 4582 7197 
2 4586 7203 
2 4588 7209 
1 4590 
2 4594 7215 
1 4596 
2 4600 7221 
1 4602 
2 4606 7227 
1 4608 
2 4610 7233 
2 4612 7239 
1 4614 
2 4616 7245 
2 4618 7251 
1 4620 
2 4624 7257 
1 4626 
2 4628 7263 
2 4630 7269 
1 4632 
2 4634 7275 
2 4636 7281 
2 4642 7287 
2 4646 7293 
2 4648 7299 
2 4654 7305 
1 4656 
2 4660 7311 
1 4662 
2 4666 7317 
1 4668 
2 4670 7323 
2 4672 7329 
2 4676 7335 
2 4678 7341 
2 4682 7347 
2 4684 7353 
1 4686 
2 4688 7359 
2 4690 7377 
2 4694 7365 
2 4696 7371 
1 4698 
2 4700 7383 
2 4702 7389 
2 4706 7395 
2 4708 7401 
1 4710 
2 4712 7407 
2 4714 7413 
1 4716 
2 4718 7419 
2 4720 7431 
2 4726 7425 
1 4728 
2 4732 7437 
2 4736 7443 
2 4738 7449 
1 4740 
2 4742 7455 
2 4744 7461 
1 4746 
2 4748 7467 
2 4750 7473 
2 4754 7479 
2 4756 7485 
1 4758 
2 4762 7491 
1 4764 
2 4766 7497 
2 4768 7503 
1 4770 
2 4772 7509 
2 4774 7515 
1 4776 
2 4778 7521 
2 4780 7527 
1 4782 
2 4786 7533 
2 4792 7539 
2 4796 7545 
2 4798 7551 
2 4804 7557 
1 4806 
2 4808 7563 
2 4810 7569 
1 4812 
2 4816 7575 
2 4820 7581 
2 4822 7587 
1 4824 
2 4826 7593 
2 4828 7605 
1 4830 
2 4834 7599 
1 4836 
2 4838 7617 
2 4840 7611 
1 4842 
2 4844 7629 
2 4846 7623 
1 4848 
2 4850 7641 
2 4852 7635 
1 4854 
2 4856 7647 
2 4858 7653 
1 4860 
2 4864 7659 
1 4866 
2 4868 7665 
2 4870 7671 
2 4874 7677 
2 4876 7683 
2 4880 7689 
2 4882 7695 
1 4884 
2 4886 7701 
2 4888 7707 
2 4892 7713 
2 4894 7719 
1 4896 
2 4898 7725 
2 4900 7731 
1 4902 
2 4906 7737 
1 4908 
2 4912 7743 
2 4916 7749 
2 4918 7755 
2 4922 7761 
2 4924 7767 
1 4926 
2 4928 7773 
2 4930 7779 
2 4936 7785 
2 4940 7791 
2 4942 7797 
2 4946 7803 
2 4948 7809 
1 4950 
2 4954 7815 
1 4956 
2 4960 7821 
1 4962 
2 4964 7827 
2 4966 7833 
2 4972 7839 
2 4976 7845 
2 4978 7851 
1 4980 
2 4982 7857 
2 4984 7863 
1 4986 
2 4990 7869 
1 4992 
2 4996 7875 
1 4998 
2 5002 7881 
2 5006 7887 
2 5008 7893 
2 5014 7899 
1 5016 
2 5018 7905 
2 5020 7911 
2 5026 7923 
1 5028 
2 5030 7917 
2 5032 7929 
1 5034 
2 5036 7935 
2 5038 7941 
2 5044 7947 
1 5046 
2 5048 7953 
2 5050 7959 
2 5054 7965 
2 5056 7971 
1 5058 
2 5062 7977 
1 5064 
2 5066 7983 
2 5068 7989 
1 5070 
2 5072 7995 
2 5074 8001 
1 5076 
2 5080 8007 
2 5084 8013 
2 5086 8019 
2 5090 8031 
2 5092 8025 
1 5094 
2 5096 8037 
2 5098 8043 
2 5104 8049 
1 5106 
2 5110 8061 
1 5112 
2 5116 8055 
1 5118 
2 5122 8067 
1 5124 
2 5126 8073 
2 5128 8079 
1 5130 
2 5132 8085 
2 5134 8091 
1 5136 
2 5138 8097 
2 5140 8103 
1 5142 
2 5144 8109 
2 5146 8115 
2 5150 8121 
2 5152 8133 
2 5156 8127 
2 5158 8139 
1 5160 
2 5162 8145 
2 5164 8151 
1 5166 
2 5170 8157 
2 5174 8163 
2 5176 8169 
1 5178 
2 5182 8175 
1 5184 
2 5186 8181 
2 5188 8187 
2 5192 8193 
2 5194 8199 
1 5196 
2 5200 8211 
1 5202 
2 5204 8205 
2 5206 8217 
1 5208 
2 5212 8223 
1 5214 
2 5216 8229 
2 5218 8235 
1 5220 
2 5222 8241 
2 5224 8247 
1 5226 
2 5230 8253 
2 5236 8259 
2 5240 8271 
2 5242 8265 
1 5244 
2 5246 8277 
2 5248 8283 
1 5250 
2 5252 8289 
2 5254 8295 
1 5256 
2 5258 8301 
2 5260 8307 
2 5264 8313 
2 5266 8319 
1 5268 
2 5270 8331 
2 5272 8325 
2 5276 8337 
2 5278 8343 
2 5284 8349 
1 5286 
2 5288 8355 
2 5290 8361 
1 5292 
2 5294 8367 
2 5296 8373 
2 5300 8379 
2 5302 8385 
2 5306 8391 
2 5308 8397 
2 5312 8403 
2 5314 8409 
1 5316 
2 5318 8415 
2 5320 8427 
1 5322 
2 5326 8421 
1 5328 
2 5332 8433 
2 5336 8445 
2 5338 8439 
1 5340 
2 5342 8451 
2 5344 8457 
1 5346 
2 5350 8463 
2 5354 8469 
2 5356 8475 
1 5358 
2 5360 8481 
2 5362 8487 
1 5364 
2 5366 8493 
2 5368 8499 
1 5370 
2 5372 8505 
2 5374 8511 
1 5376 
2 5378 8517 
2 5380 8523 
2 5384 8529 
2 5386 8535 
2 5390 8541 
2 5392 8547 
2 5396 8553 
2 5398 8559 
2 5402 8565 
2 5404 8571 
1 5406 
2 5410 8577 
1 5412 
2 5416 8583 
2 5422 8589 
1 5424 
2 5426 8595 
2 5428 8601 
1 5430 
2 5434 8625 
1 5436 
2 5440 8607 
2 5446 8613 
1 5448 
2 5452 8619 
1 5454 
2 5456 8631 
2 5458 8637 
1 5460 
2 5462 8643 
2 5464 8649 
1 5466 
2 5468 8655 
2 5470 8661 
2 5474 8667 
2 5476 8673 
2 5482 8679 
2 5486 8685 
2 5488 8691 
1 5490 
2 5492 8697 
2 5494 8703 
1 5496 
2 5498 8709 
2 5500 8721 
2 5506 8715 
2 5510 8727 
2 5512 8733 
1 5514 
2 5516 8739 
2 5518 8745 
2 5524 8751 
1 5526 
2 5530 8763 
2 5534 8757 
2 5536 8769 
1 5538 
2 5540 8781 
2 5542 8775 
1 5544 
2 5546 8787 
2 5548 8793 
1 5550 
2 5552 8799 
2 5554 8805 
1 5556 
2 5560 8811 
1 5562 
2 5566 8817 
1 5568 
2 5572 8823 
2 5576 8829 
2 5578 8835 
1 5580 
2 5584 8841 
1 5586 
2 5588 8847 
2 5590 8859 
2 5594 8853 
2 5596 8865 
1 5598 
2 5600 8871 
2 5602 8877 
1 5604 
2 5606 8883 
2 5608 8889 
1 5610 
2 5612 8895 
2 5614 8901 
1 5616 
2 5618 8907 
2 5620 8913 
1 5622 
2 5626 8919 
1 5628 
2 5630 8931 
2 5632 8925 
1 5634 
2 5636 8937 
2 5638 8943 
2 5644 8949 
1 5646 
2 5650 8961 
2 5656 8955 
2 5662 8967 
1 5664 
2 5666 8973 
2 5668 8979 
2 5672 8985 
2 5674 8991 
1 5676 
2 5678 8997 
2 5680 9003 
1 5682 
2 5686 9009 
1 5688 
2 5692 9015 
2 5696 9021 
2 5698 9027 
1 5700 
2 5704 9033 
1 5706 
2 5708 9039 
2 5710 9051 
2 5714 9045 
2 5716 9057 
2 5720 9063 
2 5722 9069 
1 5724 
2 5726 9075 
2 5728 9081 
1 5730 
2 5732 9087 
2 5734 9093 
1 5736 
2 5740 9099 
2 5746 9105 
1 5748 
2 5752 9111 
1 5754 
2 5756 9117 
2 5758 9123 
1 5760 
2 5762 9129 
2 5764 9135 
1 5766 
2 5768 9141 
2 5770 9147 
1 5772 
2 5774 9153 
2 5776 9159 
1 5778 
2 5782 9165 
2 5786 9171 
2 5788 9177 
1 5790 
2 5794 9183 
1 5796 
2 5798 9189 
2 5800 9201 
2 5804 9195 
2 5806 9207 
2 5810 9231 
2 5812 9213 
2 5816 9219 
2 5818 9225 
1 5820 
2 5824 9237 
1 5826 
2 5830 9243 
1 5832 
2 5834 9249 
2 5836 9255 
1 5838 
2 5842 9261 
2 5846 9267 
2 5848 9273 
2 5854 9279 
1 5856 
2 5860 9291 
2 5864 9285 
2 5866 9297 
2 5872 9303 
1 5874 
2 5876 9309 
2 5878 9315 
2 5884 9321 
1 5886 
2 5888 9327 
2 5890 9333 
1 5892 
2 5894 9339 
2 5896 9345 
2 5900 9351 
2 5902 9357 
2 5906 9363 
2 5908 9369 
1 5910 
2 5912 9375 
2 5914 9381 
1 5916 
2 5918 9387 
2 5920 9393 
1 5922 
2 5926 9399 
2 5930 9411 
2 5932 9405 
1 5934 
2 5936 9417 
2 5938 9423 
2 5942 9429 
2 5944 9435 
1 5946 
2 5948 9441 
2 5950 9447 
1 5952 
2 5956 9453 
1 5958 
2 5960 9459 
2 5962 9465 
1 5964 
2 5966 9471 
2 5968 9477 
1 5970 
2 5972 9483 
2 5974 9489 
1 5976 
2 5978 9495 
2 5980 9501 
2 5984 9507 
2 5986 9513 
2 5990 9519 
2 5992 9525 
1 5994 
2 5996 9531 
2 5998 9537 
1 6000 
2 6002 9543 
2 6004 9549 
1 6006 
2 6010 9561 
2 6014 9555 
2 6016 9567 
1 6018 
2 6020 9573 
2 6022 9579 
1 6024 
2 6026 9585 
2 6028 9591 
2 6032 9597 
2 6034 9603 
1 6036 
2 6040 9609 
1 6042 
2 6046 9615 
2 6050 9621 
2 6052 9627 
2 6056 9633 
2 6058 9639 
1 6060 
2 6062 9645 
2 6064 9651 
1 6066 
2 6070 9657 
1 6072 
2 6076 9663 
1 6078 
2 6082 9669 
1 6084 
2 6086 9675 
2 6088 9681 
2 6094 9687 
1 6096 
2 6098 9693 
2 6100 9711 
2 6104 9699 
2 6106 9705 
1 6108 
2 6110 9717 
2 6112 9723 
2 6116 9729 
2 6118 9735 
1 6120 
2 6124 9741 
1 6126 
2 6128 9747 
2 6130 9753 
2 6136 9759 
1 6138 
2 6140 9771 
2 6142 9765 
2 6146 9777 
2 6148 9783 
1 6150 
2 6154 9789 
1 6156 
2 6158 9795 
2 6160 9813 
1 6162 
2 6166 9801 
1 6168 
2 6170 9807 
2 6172 9819 
2 6176 9825 
2 6178 9831 
1 6180 
2 6182 9837 
2 6184 9843 
1 6186 
2 6188 9855 
2 6190 9849 
1 6192 
2 6194 9867 
2 6196 9861 
2 6202 9873 
2 6206 9879 
2 6208 9885 
1 6210 
2 6214 9891 
1 6216 
2 6220 9897 
2 6224 9903 
2 6226 9909 
1 6228 
2 6232 9915 
1 6234 
2 6236 9921 
2 6238 9927 
1 6240 
2 6244 9939 
1 6246 
2 6250 9933 
1 6252 
2 6254 9945 
2 6256 9951 
2 6260 9957 
2 6262 9963 
2 6266 9969 
2 6268 9975 
2 6274 9981 
1 6276 
2 6280 9987 
1 6282 
2 6284 9993 
2 6286 9999 
1 6290 
1 6292 
1 6294 
1 6296 
1 6298 
1 6304 
1 6306 
1 6308 
1 6310 
1 6314 
1 6316 
1 6320 
1 6322 
1 6326 
1 6328 
1 6332 
1 6334 
1 6336 
1 6340 
1 6342 
1 6346 
1 6348 
1 6350 
1 6352 
1 6356 
1 6358 
1 6364 
1 6366 
1 6370 
1 6372 
1 6376 
1 6378 
1 6382 
1 6384 
1 6386 
1 6388 
1 6392 
1 6394 
1 6396 
1 6400 
1 6402 
1 6404 
1 6406 
1 6408 
1 6410 
1 6412 
1 6414 
1 6416 
1 6418 
1 6420 
1 6424 
1 6426 
1 6430 
1 6432 
1 6434 
1 6436 
1 6438 
1 6440 
1 6442 
1 6444 
1 6446 
1 6448 
1 6454 
1 6456 
1 6458 
1 6460 
1 6462 
1 6464 
1 6466 
1 6468 
1 6472 
1 6476 
1 6478 
1 6480 
1 6484 
1 6486 
1 6488 
1 6490 
1 6494 
1 6496 
1 6498 
1 6500 
1 6502 
1 6504 
1 6506 
1 6508 
1 6510 
1 6512 
1 6514 
1 6516 
1 6518 
1 6520 
1 6524 
1 6526 
1 6528 
1 6532 
1 6534 
1 6536 
1 6538 
1 6540 
1 6542 
1 6544 
1 6546 
1 6550 
1 6556 
1 6558 
1 6560 
1 6566 
1 6568 
1 6574 
1 6576 
1 6580 
1 6584 
1 6586 
1 6588 
1 6590 
1 6592 
1 6594 
1 6596 
1 6598 
1 6602 
1 6604 
1 6606 
1 6610 
1 6612 
1 6614 
1 6616 
1 6618 
1 6622 
1 6624 
1 6626 
1 6628 
1 6630 
1 6632 
1 6634 
1 6636 
1 6640 
1 6642 
1 6644 
1 6646 
1 6648 
1 6650 
1 6652 
1 6656 
1 6658 
1 6664 
1 6666 
1 6668 
1 6670 
1 6672 
1 6676 
1 6678 
1 6682 
1 6684 
1 6686 
1 6688 
1 6694 
1 6696 
1 6698 
1 6700 
1 6706 
1 6708 
1 6712 
1 6714 
1 6716 
1 6718 
1 6722 
1 6724 
1 6726 
1 6728 
1 6730 
1 6732 
1 6736 
1 6740 
1 6742 
1 6744 
1 6746 
1 6748 
1 6750 
1 6752 
1 6754 
1 6756 
1 6758 
1 6760 
1 6766 
1 6768 
1 6770 
1 6772 
1 6774 
1 6776 
1 6778 
1 6784 
1 6786 
1 6788 
1 6790 
1 6796 
1 6798 
1 6800 
1 6802 
1 6806 
1 6808 
1 6810 
1 6812 
1 6814 
1 6816 
1 6818 
1 6820 
1 6822 
1 6826 
1 6832 
1 6836 
1 6838 
1 6840 
1 6844 
1 6846 
1 6848 
1 6850 
1 6852 
1 6854 
1 6856 
1 6862 
1 6866 
1 6868 
1 6874 
1 6876 
1 6878 
1 6880 
1 6882 
1 6886 
1 6888 
1 6892 
1 6894 
1 6896 
1 6898 
1 6902 
1 6904 
1 6906 
1 6910 
1 6914 
1 6916 
1 6920 
1 6922 
1 6924 
1 6926 
1 6928 
1 6930 
1 6932 
1 6934 
1 6936 
1 6938 
1 6940 
1 6942 
1 6944 
1 6946 
1 6952 
1 6954 
1 6956 
1 6958 
1 6964 
1 6966 
1 6970 
1 6974 
1 6976 
1 6980 
1 6982 
1 6986 
1 6988 
1 6990 
1 6994 
1 6996 
1 7000 
1 7004 
1 7006 
1 7008 
1 7010 
1 7012 
1 7016 
1 7018 
1 7022 
1 7024 
1 7026 
1 7030 
1 7032 
1 7034 
1 7036 
1 7038 
1 7042 
1 7046 
1 7048 
1 7050 
1 7052 
1 7054 
1 7056 
1 7060 
1 7062 
1 7064 
1 7066 
1 7068 
1 7072 
1 7074 
1 7076 
1 7078 
1 7082 
1 7084 
1 7086 
1 7088 
1 7090 
1 7092 
1 7094 
1 7096 
1 7098 
1 7100 
1 7102 
1 7106 
1 7108 
1 7112 
1 7114 
1 7116 
1 7118 
1 7120 
1 7124 
1 7126 
1 7132 
1 7134 
1 7136 
1 7138 
1 7140 
1 7142 
1 7144 
1 7146 
1 7148 
1 7150 
1 7154 
1 7156 
1 7158 
1 7162 
1 7164 
1 7166 
1 7168 
1 7170 
1 7172 
1 7174 
1 7176 
1 7180 
1 7182 
1 7184 
1 7186 
1 7190 
1 7192 
1 7196 
1 7198 
1 7200 
1 7202 
1 7204 
1 7206 
1 7210 
1 7216 
1 7218 
1 7222 
1 7224 
1 7226 
1 7228 
1 7232 
1 7234 
1 7236 
1 7240 
1 7242 
1 7246 
1 7250 
1 7252 
1 7256 
1 7258 
1 7260 
1 7262 
1 7264 
1 7266 
1 7268 
1 7270 
1 7272 
1 7274 
1 7276 
1 7278 
1 7280 
1 7282 
1 7286 
1 7288 
1 7290 
1 7292 
1 7294 
1 7296 
1 7300 
1 7302 
1 7304 
1 7306 
1 7312 
1 7314 
1 7316 
1 7318 
1 7320 
1 7324 
1 7326 
1 7328 
1 7330 
1 7336 
1 7338 
1 7340 
1 7342 
1 7344 
1 7346 
1 7348 
1 7354 
1 7356 
1 7358 
1 7360 
1 7362 
1 7364 
1 7366 
1 7368 
1 7372 
1 7374 
1 7376 
1 7378 
1 7380 
1 7382 
1 7384 
1 7386 
1 7388 
1 7390 
1 7392 
1 7396 
1 7398 
1 7400 
1 7402 
1 7404 
1 7406 
1 7408 
1 7410 
1 7414 
1 7416 
1 7420 
1 7422 
1 7424 
1 7426 
1 7428 
1 7430 
1 7432 
1 7436 
1 7438 
1 7440 
1 7442 
1 7444 
1 7446 
1 7448 
1 7450 
1 7454 
1 7456 
1 7462 
1 7464 
1 7466 
1 7468 
1 7470 
1 7472 
1 7474 
1 7476 
1 7480 
1 7484 
1 7486 
1 7492 
1 7494 
1 7496 
1 7498 
1 7502 
1 7504 
1 7506 
1 7510 
1 7512 
1 7514 
1 7516 
1 7520 
1 7522 
1 7526 
1 7528 
1 7532 
1 7534 
1 7536 
1 7540 
1 7544 
1 7546 
1 7552 
1 7554 
1 7556 
1 7558 
1 7564 
1 7566 
1 7568 
1 7570 
1 7572 
1 7576 
1 7580 
1 7582 
1 7586 
1 7588 
1 7594 
1 7596 
1 7598 
1 7600 
1 7602 
1 7606 
1 7610 
1 7612 
1 7614 
1 7616 
1 7618 
1 7620 
1 7624 
1 7626 
1 7628 
1 7630 
1 7632 
1 7634 
1 7636 
1 7638 
1 7642 
1 7646 
1 7648 
1 7652 
1 7654 
1 7656 
1 7658 
1 7660 
1 7662 
1 7664 
1 7666 
1 7668 
1 7672 
1 7676 
1 7678 
1 7680 
1 7684 
1 7686 
1 7690 
1 7694 
1 7696 
1 7698 
1 7702 
1 7706 
1 7708 
1 7710 
1 7712 
1 7714 
1 7716 
1 7720 
1 7722 
1 7726 
1 7730 
1 7732 
1 7734 
1 7736 
1 7738 
1 7740 
1 7744 
1 7746 
1 7748 
1 7750 
1 7752 
1 7756 
1 7762 
1 7764 
1 7766 
1 7768 
1 7770 
1 7772 
1 7774 
1 7776 
1 7778 
1 7780 
1 7782 
1 7784 
1 7786 
1 7788 
1 7792 
1 7796 
1 7798 
1 7800 
1 7802 
1 7804 
1 7806 
1 7808 
1 7810 
1 7812 
1 7814 
1 7816 
1 7820 
1 7822 
1 7826 
1 7828 
1 7832 
1 7834 
1 7836 
1 7838 
1 7840 
1 7844 
1 7846 
1 7848 
1 7850 
1 7852 
1 7856 
1 7858 
1 7860 
1 7862 
1 7864 
1 7866 
1 7870 
1 7872 
1 7876 
1 7882 
1 7886 
1 7888 
1 7890 
1 7892 
1 7894 
1 7896 
1 7898 
1 7900 
1 7904 
1 7906 
1 7910 
1 7912 
1 7914 
1 7916 
1 7918 
1 7924 
1 7926 
1 7930 
1 7932 
1 7936 
1 7940 
1 7942 
1 7944 
1 7946 
1 7948 
1 7954 
1 7956 
1 7958 
1 7960 
1 7962 
1 7966 
1 7968 
1 7970 
1 7972 
1 7974 
1 7976 
1 7978 
1 7980 
1 7982 
1 7984 
1 7986 
1 7988 
1 7990 
1 7992 
1 7996 
1 7998 
1 8000 
1 8002 
1 8004 
1 8006 
1 8008 
1 8014 
1 8016 
1 8020 
1 8022 
1 8024 
1 8026 
1 8028 
1 8030 
1 8032 
1 8034 
1 8036 
1 8038 
1 8042 
1 8044 
1 8046 
1 8048 
1 8050 
1 8052 
1 8056 
1 8058 
1 8062 
1 8064 
1 8066 
1 8068 
1 8072 
1 8074 
1 8076 
1 8078 
1 8080 
1 8084 
1 8086 
1 8092 
1 8096 
1 8098 
1 8100 
1 8104 
1 8106 
1 8108 
1 8110 
1 8114 
1 8116 
1 8120 
1 8122 
1 8126 
1 8128 
1 8130 
1 8132 
1 8134 
1 8136 
1 8138 
1 8140 
1 8142 
1 8144 
1 8146 
1 8150 
1 8152 
1 8154 
1 8156 
1 8158 
1 8160 
1 8164 
1 8166 
1 8170 
1 8174 
1 8176 
1 8178 
1 8182 
1 8184 
1 8186 
1 8188 
1 8190 
1 8194 
1 8196 
1 8198 
1 8200 
1 8202 
1 8204 
1 8206 
1 8208 
1 8212 
1 8214 
1 8216 
1 8218 
1 8224 
1 8226 
1 8228 
1 8230 
1 8236 
1 8240 
1 8242 
1 8246 
1 8248 
1 8250 
1 8252 
1 8254 
1 8256 
1 8258 
1 8260 
1 8262 
1 8266 
1 8268 
1 8272 
1 8276 
1 8278 
1 8280 
1 8282 
1 8284 
1 8286 
1 8290 
1 8296 
1 8300 
1 8302 
1 8304 
1 8306 
1 8308 
1 8310 
1 8314 
1 8316 
1 8320 
1 8322 
1 8324 
1 8326 
1 8328 
1 8332 
1 8334 
1 8336 
1 8338 
1 8340 
1 8342 
1 8344 
1 8346 
1 8348 
1 8350 
1 8352 
1 8356 
1 8358 
1 8360 
1 8362 
1 8366 
1 8368 
1 8372 
1 8374 
1 8376 
1 8380 
1 8382 
1 8384 
1 8386 
1 8392 
1 8394 
1 8396 
1 8398 
1 8400 
1 8402 
1 8404 
1 8406 
1 8408 
1 8410 
1 8412 
1 8414 
1 8416 
1 8418 
1 8422 
1 8426 
1 8428 
1 8434 
1 8436 
1 8438 
1 8440 
1 8442 
1 8446 
1 8450 
1 8452 
1 8454 
1 8456 
1 8458 
1 8460 
1 8464 
1 8466 
1 8470 
1 8472 
1 8474 
1 8476 
1 8478 
1 8480 
1 8482 
1 8484 
1 8486 
1 8488 
1 8490 
1 8492 
1 8494 
1 8496 
1 8498 
1 8500 
1 8504 
1 8506 
1 8508 
1 8510 
1 8512 
1 8516 
1 8518 
1 8520 
1 8524 
1 8526 
1 8530 
1 8532 
1 8534 
1 8536 
1 8542 
1 8546 
1 8548 
1 8550 
1 8552 
1 8554 
1 8556 
1 8558 
1 8560 
1 8562 
1 8566 
1 8568 
1 8570 
1 8572 
1 8576 
1 8578 
1 8580 
1 8584 
1 8586 
1 8588 
1 8590 
1 8592 
1 8594 
1 8596 
1 8602 
1 8604 
1 8606 
1 8608 
1 8612 
1 8614 
1 8616 
1 8618 
1 8620 
1 8622 
1 8626 
1 8632 
1 8634 
1 8636 
1 8638 
1 8640 
1 8644 
1 8646 
1 8650 
1 8652 
1 8654 
1 8656 
1 8658 
1 8660 
1 8662 
1 8666 
1 8668 
1 8672 
1 8674 
1 8676 
1 8680 
1 8684 
1 8686 
1 8688 
1 8692 
1 8696 
1 8698 
1 8702 
1 8704 
1 8706 
1 8710 
1 8712 
1 8716 
1 8718 
1 8722 
1 8724 
1 8726 
1 8728 
1 8730 
1 8734 
1 8736 
1 8740 
1 8744 
1 8746 
1 8750 
1 8752 
1 8756 
1 8758 
1 8760 
1 8764 
1 8766 
1 8768 
1 8770 
1 8772 
1 8774 
1 8776 
1 8778 
1 8782 
1 8786 
1 8788 
1 8790 
1 8792 
1 8794 
1 8796 
1 8798 
1 8800 
1 8802 
1 8806 
1 8810 
1 8812 
1 8814 
1 8816 
1 8818 
1 8824 
1 8826 
1 8828 
1 8830 
1 8834 
1 8836 
1 8842 
1 8844 
1 8846 
1 8848 
1 8852 
1 8854 
1 8856 
1 8858 
1 8860 
1 8866 
1 8870 
1 8872 
1 8874 
1 8876 
1 8878 
1 8880 
1 8882 
1 8884 
1 8886 
1 8890 
1 8892 
1 8896 
1 8898 
1 8900 
1 8902 
1 8904 
1 8906 
1 8908 
1 8910 
1 8912 
1 8914 
1 8916 
1 8918 
1 8920 
1 8922 
1 8926 
1 8928 
1 8932 
1 8936 
1 8938 
1 8940 
1 8944 
1 8946 
1 8948 
1 8950 
1 8954 
1 8956 
1 8958 
1 8960 
1 8962 
1 8966 
1 8968 
1 8974 
1 8976 
1 8978 
1 8980 
1 8982 
1 8984 
1 8986 
1 8988 
1 8990 
1 8992 
1 8994 
1 8996 
1 8998 
1 9004 
1 9006 
1 9010 
1 9016 
1 9018 
1 9020 
1 9022 
1 9024 
1 9026 
1 9028 
1 9032 
1 9034 
1 9036 
1 9038 
1 9040 
1 9046 
1 9048 
1 9052 
1 9054 
1 9056 
1 9058 
1 9062 
1 9064 
1 9066 
1 9070 
1 9072 
1 9074 
1 9076 
1 9078 
1 9080 
1 9082 
1 9084 
1 9086 
1 9088 
1 9090 
1 9094 
1 9096 
1 9098 
1 9100 
1 9102 
1 9106 
1 9108 
1 9112 
1 9114 
1 9116 
1 9118 
1 9120 
1 9122 
1 9124 
1 9126 
1 9130 
1 9132 
1 9136 
1 9140 
1 9142 
1 9144 
1 9146 
1 9148 
1 9150 
1 9154 
1 9156 
1 9160 
1 9164 
1 9166 
1 9168 
1 9170 
1 9172 
1 9176 
1 9178 
1 9180 
1 9184 
1 9186 
1 9190 
1 9192 
1 9194 
1 9196 
1 9198 
1 9202 
1 9206 
1 9208 
1 9212 
1 9214 
1 9216 
1 9218 
1 9220 
1 9224 
1 9226 
1 9230 
1 9232 
1 9234 
1 9236 
1 9238 
1 9244 
1 9246 
1 9248 
1 9250 
1 9252 
1 9254 
1 9256 
1 9260 
1 9262 
1 9264 
1 9266 
1 9268 
1 9270 
1 9272 
1 9274 
1 9276 
1 9280 
1 9286 
1 9288 
1 9290 
1 9292 
1 9296 
1 9298 
1 9300 
1 9302 
1 9304 
1 9306 
1 9308 
1 9310 
1 9314 
1 9316 
1 9318 
1 9322 
1 9326 
1 9328 
1 9330 
1 9332 
1 9334 
1 9336 
1 9340 
1 9346 
1 9348 
1 9352 
1 9354 
1 9356 
1 9358 
1 9360 
1 9362 
1 9364 
1 9366 
1 9368 
1 9370 
1 9374 
1 9376 
1 9380 
1 9382 
1 9384 
1 9386 
1 9388 
1 9390 
1 9394 
1 9396 
1 9400 
1 9402 
1 9406 
1 9408 
1 9412 
1 9416 
1 9418 
1 9424 
1 9426 
1 9428 
1 9430 
1 9436 
1 9442 
1 9444 
1 9446 
1 9448 
1 9450 
1 9452 
1 9454 
1 9456 
1 9458 
1 9460 
1 9466 
1 9470 
1 9472 
1 9476 
1 9478 
1 9482 
1 9484 
1 9486 
1 9488 
1 9490 
1 9494 
1 9496 
1 9500 
1 9502 
1 9504 
1 9506 
1 9508 
1 9510 
1 9514 
1 9516 
1 9518 
1 9520 
1 9524 
1 9526 
1 9528 
1 9530 
1 9532 
1 9536 
1 9538 
1 9542 
1 9544 
1 9546 
1 9550 
1 9554 
1 9556 
1 9558 
1 9560 
1 9562 
1 9564 
1 9566 
1 9568 
1 9570 
1 9572 
1 9574 
1 9576 
1 9578 
1 9580 
1 9582 
1 9584 
1 9586 
1 9590 
1 9592 
1 9594 
1 9596 
1 9598 
1 9600 
1 9604 
1 9606 
1 9608 
1 9610 
1 9612 
1 9616 
1 9618 
1 9622 
1 9626 
1 9628 
1 9634 
1 9636 
1 9638 
1 9640 
1 9642 
1 9646 
1 9648 
1 9652 
1 9654 
1 9656 
1 9658 
1 9660 
1 9664 
1 9666 
1 9668 
1 9670 
1 9672 
1 9674 
1 9676 
1 9682 
1 9684 
1 9686 
1 9688 
1 9692 
1 9694 
1 9696 
1 9700 
1 9702 
1 9704 
1 9706 
1 9708 
1 9710 
1 9712 
1 9714 
1 9716 
1 9718 
1 9724 
1 9726 
1 9728 
1 9730 
1 9732 
1 9736 
1 9738 
1 9742 
1 9746 
1 9748 
1 9752 
1 9754 
1 9756 
1 9758 
1 9760 
1 9762 
1 9764 
1 9766 
1 9772 
1 9774 
1 9776 
1 9778 
1 9780 
1 9784 
1 9786 
1 9790 
1 9794 
1 9796 
1 9798 
1 9800 
1 9802 
1 9806 
1 9808 
1 9810 
1 9814 
1 9816 
1 9820 
1 9822 
1 9824 
1 9826 
1 9828 
1 9832 
1 9836 
1 9838 
1 9842 
1 9844 
1 9846 
1 9848 
1 9850 
1 9854 
1 9856 
1 9862 
1 9864 
1 9866 
1 9868 
1 9870 
1 9874 
1 9876 
1 9878 
1 9880 
1 9882 
1 9886 
1 9890 
1 9892 
1 9894 
1 9896 
1 9898 
1 9900 
1 9904 
1 9906 
1 9910 
1 9912 
1 9914 
1 9916 
1 9918 
1 9920 
1 9922 
1 9926 
1 9928 
1 9934 
1 9936 
1 9938 
1 9940 
1 9944 
1 9946 
1 9948 
1 9952 
1 9954 
1 9956 
1 9958 
1 9960 
1 9962 
1 9964 
1 9966 
1 9970 
1 9972 
1 9976 
1 9978 
1 9980 
1 9982 
1 9984 
1 9986 
1 9988 
1 9990 
1 9992 
1 9994 
1 9996 
1 9998 
1 10000 
4.94085
