Case #1: N 1 1000000000
N 1 999999999
N 1 999999998
N 1 999999997
N 1 999999996
N 1 999999995
N 1 999999994
N 1 999999993
S 1 999999994
W 1000000000 999999994
E 1 999999994
S 1 999999995
W 1000000000 999999995
N 1000000000 999999994
N 1000000000 999999993
N 1000000000 999999992
N 1000000000 999999991
N 1000000000 999999990
N 1000000000 999999989
N 1000000000 999999988
W 999999999 999999988
W 999999998 999999988
N 999999998 999999987
W 999999997 999999987
N 999999997 999999986
W 999999996 999999986
N 999999996 999999985
N 999999996 999999984
N 999999996 999999983
S 999999996 999999984
N 999999996 999999983
N 999999996 999999982
N 999999996 999999981
N 999999996 999999980
N 999999996 999999979
N 999999996 999999978
N 999999996 999999977
N 999999996 999999976
S 999999996 999999977
W 999999995 999999977
E 999999996 999999977
S 999999996 999999978
W 999999995 999999978
N 999999995 999999977
N 999999995 999999976
N 999999995 999999975
N 999999995 999999974
N 999999995 999999973
N 999999995 999999972
N 999999995 999999971
W 999999994 999999971
W 999999993 999999971
N 999999993 999999970
W 999999992 999999970
N 999999992 999999969
W 999999991 999999969
N 999999991 999999968
N 999999991 999999967
N 999999991 999999966
S 999999991 999999967
N 999999991 999999966
N 999999991 999999965
N 999999991 999999964
N 999999991 999999963
N 999999991 999999962
N 999999991 999999961
N 999999991 999999960
N 999999991 999999959
S 999999991 999999960
W 999999990 999999960
E 999999991 999999960
S 999999991 999999961
W 999999990 999999961
N 999999990 999999960
N 999999990 999999959
N 999999990 999999958
N 999999990 999999957
N 999999990 999999956
N 999999990 999999955
N 999999990 999999954
W 999999989 999999954
W 999999988 999999954
N 999999988 999999953
W 999999987 999999953
N 999999987 999999952
W 999999986 999999952
N 999999986 999999951
N 999999986 999999950
N 999999986 999999949
S 999999986 999999950
N 999999986 999999949
N 999999986 999999948
N 999999986 999999947
N 999999986 999999946
N 999999986 999999945
N 999999986 999999944
N 999999986 999999943
N 999999986 999999942
S 999999986 999999943
W 999999985 999999943
E 999999986 999999943
S 999999986 999999944
W 999999985 999999944
N 999999985 999999943
N 999999985 999999942
N 999999985 999999941
N 999999985 999999940
N 999999985 999999939
N 999999985 999999938
N 999999985 999999937
W 999999984 999999937
W 999999983 999999937
N 999999983 999999936
W 999999982 999999936
N 999999982 999999935
W 999999981 999999935
N 999999981 999999934
N 999999981 999999933
N 999999981 999999932
S 999999981 999999933
N 999999981 999999932
N 999999981 999999931
N 999999981 999999930
N 999999981 999999929
N 999999981 999999928
N 999999981 999999927
N 999999981 999999926
N 999999981 999999925
S 999999981 999999926
W 999999980 999999926
E 999999981 999999926
S 999999981 999999927
W 999999980 999999927
N 999999980 999999926
N 999999980 999999925
N 999999980 999999924
N 999999980 999999923
N 999999980 999999922
N 999999980 999999921
N 999999980 999999920
W 999999979 999999920
W 999999978 999999920
N 999999978 999999919
W 999999977 999999919
N 999999977 999999918
W 999999976 999999918
N 999999976 999999917
N 999999976 999999916
N 999999976 999999915
S 999999976 999999916
N 999999976 999999915
N 999999976 999999914
N 999999976 999999913
N 999999976 999999912
N 999999976 999999911
N 999999976 999999910
N 999999976 999999909
N 999999976 999999908
S 999999976 999999909
W 999999975 999999909
E 999999976 999999909
S 999999976 999999910
W 999999975 999999910
N 999999975 999999909
N 999999975 999999908
N 999999975 999999907
N 999999975 999999906
N 999999975 999999905
N 999999975 999999904
N 999999975 999999903
W 999999974 999999903
W 999999973 999999903
N 999999973 999999902
W 999999972 999999902
N 999999972 999999901
W 999999971 999999901
N 999999971 999999900
N 999999971 999999899
N 999999971 999999898
S 999999971 999999899
N 999999971 999999898
N 999999971 999999897
N 999999971 999999896
N 999999971 999999895
N 999999971 999999894
N 999999971 999999893
N 999999971 999999892
N 999999971 999999891
S 999999971 999999892
W 999999970 999999892
E 999999971 999999892
S 999999971 999999893
W 999999970 999999893
N 999999970 999999892
N 999999970 999999891
N 999999970 999999890
N 999999970 999999889
N 999999970 999999888
N 999999970 999999887
N 999999970 999999886
W 999999969 999999886
W 999999968 999999886
N 999999968 999999885
W 999999967 999999885
N 999999967 999999884
W 999999966 999999884
N 999999966 999999883
N 999999966 999999882
N 999999966 999999881
S 999999966 999999882
N 999999966 999999881
N 999999966 999999880
N 999999966 999999879
N 999999966 999999878
N 999999966 999999877
N 999999966 999999876
N 999999966 999999875
N 999999966 999999874
S 999999966 999999875
W 999999965 999999875
E 999999966 999999875
S 999999966 999999876
W 999999965 999999876
N 999999965 999999875
N 999999965 999999874
N 999999965 999999873
N 999999965 999999872
N 999999965 999999871
N 999999965 999999870
N 999999965 999999869
W 999999964 999999869
W 999999963 999999869
N 999999963 999999868
W 999999962 999999868
N 999999962 999999867
W 999999961 999999867
N 999999961 999999866
N 999999961 999999865
N 999999961 999999864
S 999999961 999999865
N 999999961 999999864
N 999999961 999999863
N 999999961 999999862
N 999999961 999999861
N 999999961 999999860
N 999999961 999999859
N 999999961 999999858
N 999999961 999999857
S 999999961 999999858
W 999999960 999999858
E 999999961 999999858
S 999999961 999999859
W 999999960 999999859
N 999999960 999999858
N 999999960 999999857
N 999999960 999999856
N 999999960 999999855
N 999999960 999999854
N 999999960 999999853
N 999999960 999999852
W 999999959 999999852
W 999999958 999999852
N 999999958 999999851
W 999999957 999999851
N 999999957 999999850
W 999999956 999999850
N 999999956 999999849
N 999999956 999999848
N 999999956 999999847
S 999999956 999999848
S 999999956 999999849
S 999999956 999999850
S 999999956 999999851
S 999999956 999999852
S 999999956 999999853
W 999999955 999999853
E 999999956 999999853
N 999999956 999999852
S 999999956 999999853
S 999999956 999999854
S 999999956 999999855
S 999999956 999999856
S 999999956 999999857
W 999999955 999999857
E 999999956 999999857
N 999999956 999999856
S 999999956 999999857
S 999999956 999999858
S 999999956 999999859
S 999999956 999999860
S 999999956 999999861
W 999999955 999999861
E 999999956 999999861
N 999999956 999999860
S 999999956 999999861
S 999999956 999999862
S 999999956 999999863
S 999999956 999999864
S 999999956 999999865
W 999999955 999999865
E 999999956 999999865
N 999999956 999999864
S 999999956 999999865
S 999999956 999999866
S 999999956 999999867
S 999999956 999999868
S 999999956 999999869
W 999999955 999999869
E 999999956 999999869
N 999999956 999999868
S 999999956 999999869
S 999999956 999999870
S 999999956 999999871
S 999999956 999999872
S 999999956 999999873
W 999999955 999999873
E 999999956 999999873
N 999999956 999999872
S 999999956 999999873
S 999999956 999999874
S 999999956 999999875
S 999999956 999999876
S 999999956 999999877
W 999999955 999999877
E 999999956 999999877
N 999999956 999999876
S 999999956 999999877
S 999999956 999999878
S 999999956 999999879
S 999999956 999999880
S 999999956 999999881
W 999999955 999999881
E 999999956 999999881
N 999999956 999999880
S 999999956 999999881
S 999999956 999999882
S 999999956 999999883
S 999999956 999999884
S 999999956 999999885
W 999999955 999999885
E 999999956 999999885
N 999999956 999999884
N 999999956 999999883
N 999999956 999999882
N 999999956 999999881
N 999999956 999999880
N 999999956 999999879
N 999999956 999999878
N 999999956 999999877
N 999999956 999999876
S 999999956 999999877
W 999999955 999999877
E 999999956 999999877
S 999999956 999999878
W 999999955 999999878
N 999999955 999999877
N 999999955 999999876
N 999999955 999999875
N 999999955 999999874
N 999999955 999999873
N 999999955 999999872
N 999999955 999999871
W 999999954 999999871
W 999999953 999999871
N 999999953 999999870
W 999999952 999999870
N 999999952 999999869
W 999999951 999999869
N 999999951 999999868
N 999999951 999999867
N 999999951 999999866
S 999999951 999999867
N 999999951 999999866
N 999999951 999999865
N 999999951 999999864
N 999999951 999999863
N 999999951 999999862
N 999999951 999999861
N 999999951 999999860
N 999999951 999999859
S 999999951 999999860
W 999999950 999999860
E 999999951 999999860
S 999999951 999999861
W 999999950 999999861
N 999999950 999999860
N 999999950 999999859
N 999999950 999999858
N 999999950 999999857
N 999999950 999999856
N 999999950 999999855
N 999999950 999999854
W 999999949 999999854
W 999999948 999999854
N 999999948 999999853
W 999999947 999999853
N 999999947 999999852
W 999999946 999999852
N 999999946 999999851
N 999999946 999999850
N 999999946 999999849
S 999999946 999999850
N 999999946 999999849
N 999999946 999999848
N 999999946 999999847
N 999999946 999999846
N 999999946 999999845
N 999999946 999999844
N 999999946 999999843
N 999999946 999999842
S 999999946 999999843
W 999999945 999999843
E 999999946 999999843
S 999999946 999999844
W 999999945 999999844
N 999999945 999999843
N 999999945 999999842
N 999999945 999999841
N 999999945 999999840
N 999999945 999999839
N 999999945 999999838
N 999999945 999999837
W 999999944 999999837
W 999999943 999999837
N 999999943 999999836
W 999999942 999999836
N 999999942 999999835
W 999999941 999999835
N 999999941 999999834
N 999999941 999999833
N 999999941 999999832
S 999999941 999999833
N 999999941 999999832
N 999999941 999999831
N 999999941 999999830
N 999999941 999999829
N 999999941 999999828
N 999999941 999999827
N 999999941 999999826
N 999999941 999999825
S 999999941 999999826
W 999999940 999999826
E 999999941 999999826
S 999999941 999999827
W 999999940 999999827
N 999999940 999999826
N 999999940 999999825
N 999999940 999999824
N 999999940 999999823
N 999999940 999999822
N 999999940 999999821
N 999999940 999999820
W 999999939 999999820
W 999999938 999999820
N 999999938 999999819
W 999999937 999999819
N 999999937 999999818
W 999999936 999999818
N 999999936 999999817
N 999999936 999999816
N 999999936 999999815
S 999999936 999999816
N 999999936 999999815
N 999999936 999999814
N 999999936 999999813
N 999999936 999999812
N 999999936 999999811
N 999999936 999999810
N 999999936 999999809
N 999999936 999999808
S 999999936 999999809
W 999999935 999999809
E 999999936 999999809
S 999999936 999999810
W 999999935 999999810
N 999999935 999999809
N 999999935 999999808
N 999999935 999999807
N 999999935 999999806
N 999999935 999999805
N 999999935 999999804
N 999999935 999999803
W 999999934 999999803
W 999999933 999999803
N 999999933 999999802
W 999999932 999999802
N 999999932 999999801
W 999999931 999999801
N 999999931 999999800
N 999999931 999999799
N 999999931 999999798
S 999999931 999999799
N 999999931 999999798
N 999999931 999999797
N 999999931 999999796
N 999999931 999999795
N 999999931 999999794
N 999999931 999999793
N 999999931 999999792
N 999999931 999999791
S 999999931 999999792
W 999999930 999999792
E 999999931 999999792
S 999999931 999999793
W 999999930 999999793
N 999999930 999999792
N 999999930 999999791
N 999999930 999999790
N 999999930 999999789
N 999999930 999999788
N 999999930 999999787
N 999999930 999999786
W 999999929 999999786
W 999999928 999999786
N 999999928 999999785
W 999999927 999999785
N 999999927 999999784
W 999999926 999999784
N 999999926 999999783
N 999999926 999999782
N 999999926 999999781
S 999999926 999999782
N 999999926 999999781
N 999999926 999999780
N 999999926 999999779
N 999999926 999999778
N 999999926 999999777
N 999999926 999999776
N 999999926 999999775
N 999999926 999999774
S 999999926 999999775
W 999999925 999999775
E 999999926 999999775
S 999999926 999999776
W 999999925 999999776
N 999999925 999999775
N 999999925 999999774
N 999999925 999999773
N 999999925 999999772
N 999999925 999999771
N 999999925 999999770
N 999999925 999999769
W 999999924 999999769
W 999999923 999999769
N 999999923 999999768
W 999999922 999999768
N 999999922 999999767
W 999999921 999999767
N 999999921 999999766
N 999999921 999999765
N 999999921 999999764
S 999999921 999999765
N 999999921 999999764
N 999999921 999999763
N 999999921 999999762
N 999999921 999999761
N 999999921 999999760
N 999999921 999999759
N 999999921 999999758
N 999999921 999999757
S 999999921 999999758
W 999999920 999999758
E 999999921 999999758
S 999999921 999999759
W 999999920 999999759
N 999999920 999999758
N 999999920 999999757
N 999999920 999999756
N 999999920 999999755
N 999999920 999999754
N 999999920 999999753
N 999999920 999999752
W 999999919 999999752
W 999999918 999999752
N 999999918 999999751
W 999999917 999999751
N 999999917 999999750
W 999999916 999999750
N 999999916 999999749
N 999999916 999999748
N 999999916 999999747
S 999999916 999999748
N 999999916 999999747
N 999999916 999999746
N 999999916 999999745
N 999999916 999999744
N 999999916 999999743
N 999999916 999999742
N 999999916 999999741
N 999999916 999999740
S 999999916 999999741
W 999999915 999999741
E 999999916 999999741
S 999999916 999999742
W 999999915 999999742
N 999999915 999999741
N 999999915 999999740
N 999999915 999999739
N 999999915 999999738
N 999999915 999999737
N 999999915 999999736
N 999999915 999999735
W 999999914 999999735
W 999999913 999999735
N 999999913 999999734
W 999999912 999999734
N 999999912 999999733
W 999999911 999999733
N 999999911 999999732
N 999999911 999999731
N 999999911 999999730
S 999999911 999999731
S 999999911 999999732
S 999999911 999999733
S 999999911 999999734
S 999999911 999999735
S 999999911 999999736
W 999999910 999999736
E 999999911 999999736
N 999999911 999999735
S 999999911 999999736
S 999999911 999999737
S 999999911 999999738
S 999999911 999999739
S 999999911 999999740
W 999999910 999999740
E 999999911 999999740
N 999999911 999999739
S 999999911 999999740
S 999999911 999999741
S 999999911 999999742
S 999999911 999999743
S 999999911 999999744
W 999999910 999999744
E 999999911 999999744
N 999999911 999999743
S 999999911 999999744
S 999999911 999999745
S 999999911 999999746
S 999999911 999999747
S 999999911 999999748
W 999999910 999999748
E 999999911 999999748
N 999999911 999999747
S 999999911 999999748
S 999999911 999999749
S 999999911 999999750
S 999999911 999999751
S 999999911 999999752
W 999999910 999999752
E 999999911 999999752
N 999999911 999999751
S 999999911 999999752
S 999999911 999999753
S 999999911 999999754
S 999999911 999999755
S 999999911 999999756
W 999999910 999999756
E 999999911 999999756
N 999999911 999999755
S 999999911 999999756
S 999999911 999999757
S 999999911 999999758
S 999999911 999999759
S 999999911 999999760
W 999999910 999999760
E 999999911 999999760
N 999999911 999999759
S 999999911 999999760
S 999999911 999999761
S 999999911 999999762
S 999999911 999999763
S 999999911 999999764
W 999999910 999999764
E 999999911 999999764
N 999999911 999999763
S 999999911 999999764
S 999999911 999999765
S 999999911 999999766
S 999999911 999999767
S 999999911 999999768
W 999999910 999999768
E 999999911 999999768
N 999999911 999999767
N 999999911 999999766
N 999999911 999999765
N 999999911 999999764
N 999999911 999999763
N 999999911 999999762
N 999999911 999999761
N 999999911 999999760
N 999999911 999999759
S 999999911 999999760
W 999999910 999999760
E 999999911 999999760
S 999999911 999999761
W 999999910 999999761
N 999999910 999999760
N 999999910 999999759
N 999999910 999999758
N 999999910 999999757
N 999999910 999999756
N 999999910 999999755
N 999999910 999999754
W 999999909 999999754
W 999999908 999999754
N 999999908 999999753
W 999999907 999999753
N 999999907 999999752
W 999999906 999999752
N 999999906 999999751
N 999999906 999999750
N 999999906 999999749
S 999999906 999999750
N 999999906 999999749
N 999999906 999999748
N 999999906 999999747
N 999999906 999999746
N 999999906 999999745
N 999999906 999999744
N 999999906 999999743
N 999999906 999999742
S 999999906 999999743
W 999999905 999999743
E 999999906 999999743
S 999999906 999999744
W 999999905 999999744
N 999999905 999999743
N 999999905 999999742
N 999999905 999999741
N 999999905 999999740
N 999999905 999999739
N 999999905 999999738
N 999999905 999999737
W 999999904 999999737
W 999999903 999999737
N 999999903 999999736
W 999999902 999999736
N 999999902 999999735
W 999999901 999999735
N 999999901 999999734
N 999999901 999999733
N 999999901 999999732
S 999999901 999999733
N 999999901 999999732
N 999999901 999999731
N 999999901 999999730
N 999999901 999999729
N 999999901 999999728
N 999999901 999999727
N 999999901 999999726
N 999999901 999999725
S 999999901 999999726
W 999999900 999999726
E 999999901 999999726
S 999999901 999999727
W 999999900 999999727
N 999999900 999999726
N 999999900 999999725
N 999999900 999999724
N 999999900 999999723
N 999999900 999999722
N 999999900 999999721
N 999999900 999999720
W 999999899 999999720
W 999999898 999999720
N 999999898 999999719
W 999999897 999999719
N 999999897 999999718
W 999999896 999999718
N 999999896 999999717
N 999999896 999999716
N 999999896 999999715
S 999999896 999999716
N 999999896 999999715
N 999999896 999999714
N 999999896 999999713
N 999999896 999999712
N 999999896 999999711
N 999999896 999999710
N 999999896 999999709
N 999999896 999999708
S 999999896 999999709
W 999999895 999999709
E 999999896 999999709
S 999999896 999999710
W 999999895 999999710
N 999999895 999999709
N 999999895 999999708
N 999999895 999999707
N 999999895 999999706
N 999999895 999999705
N 999999895 999999704
N 999999895 999999703
W 999999894 999999703
W 999999893 999999703
N 999999893 999999702
W 999999892 999999702
N 999999892 999999701
W 999999891 999999701
N 999999891 999999700
N 999999891 999999699
N 999999891 999999698
S 999999891 999999699
N 999999891 999999698
N 999999891 999999697
N 999999891 999999696
N 999999891 999999695
N 999999891 999999694
N 999999891 999999693
N 999999891 999999692
N 999999891 999999691
S 999999891 999999692
W 999999890 999999692
E 999999891 999999692
S 999999891 999999693
W 999999890 999999693
N 999999890 999999692
N 999999890 999999691
N 999999890 999999690
N 999999890 999999689
N 999999890 999999688
N 999999890 999999687
N 999999890 999999686
W 999999889 999999686
W 999999888 999999686
N 999999888 999999685
W 999999887 999999685
N 999999887 999999684
W 999999886 999999684
N 999999886 999999683
N 999999886 999999682
N 999999886 999999681
S 999999886 999999682
N 999999886 999999681
N 999999886 999999680
N 999999886 999999679
N 999999886 999999678
N 999999886 999999677
N 999999886 999999676
N 999999886 999999675
N 999999886 999999674
S 999999886 999999675
W 999999885 999999675
E 999999886 999999675
S 999999886 999999676
W 999999885 999999676
N 999999885 999999675
N 999999885 999999674
N 999999885 999999673
N 999999885 999999672
N 999999885 999999671
N 999999885 999999670
N 999999885 999999669
W 999999884 999999669
W 999999883 999999669
N 999999883 999999668
W 999999882 999999668
N 999999882 999999667
W 999999881 999999667
N 999999881 999999666
N 999999881 999999665
N 999999881 999999664
S 999999881 999999665
N 999999881 999999664
N 999999881 999999663
N 999999881 999999662
N 999999881 999999661
N 999999881 999999660
N 999999881 999999659
N 999999881 999999658
N 999999881 999999657
S 999999881 999999658
W 999999880 999999658
E 999999881 999999658
S 999999881 999999659
W 999999880 999999659
N 999999880 999999658
N 999999880 999999657
N 999999880 999999656
N 999999880 999999655
N 999999880 999999654
N 999999880 999999653
N 999999880 999999652
W 999999879 999999652
W 999999878 999999652
N 999999878 999999651
W 999999877 999999651
N 999999877 999999650
W 999999876 999999650
N 999999876 999999649
N 999999876 999999648
N 999999876 999999647
S 999999876 999999648
N 999999876 999999647
N 999999876 999999646
N 999999876 999999645
N 999999876 999999644
N 999999876 999999643
N 999999876 999999642
N 999999876 999999641
N 999999876 999999640
S 999999876 999999641
W 999999875 999999641
E 999999876 999999641
S 999999876 999999642
W 999999875 999999642
N 999999875 999999641
N 999999875 999999640
N 999999875 999999639
N 999999875 999999638
N 999999875 999999637
N 999999875 999999636
N 999999875 999999635
W 999999874 999999635
W 999999873 999999635
N 999999873 999999634
W 999999872 999999634
N 999999872 999999633
W 999999871 999999633
N 999999871 999999632
N 999999871 999999631
N 999999871 999999630
S 999999871 999999631
N 999999871 999999630
N 999999871 999999629
N 999999871 999999628
N 999999871 999999627
N 999999871 999999626
N 999999871 999999625
N 999999871 999999624
N 999999871 999999623
S 999999871 999999624
W 999999870 999999624
E 999999871 999999624
S 999999871 999999625
W 999999870 999999625
N 999999870 999999624
N 999999870 999999623
N 999999870 999999622
N 999999870 999999621
N 999999870 999999620
N 999999870 999999619
N 999999870 999999618
W 999999869 999999618
W 999999868 999999618
N 999999868 999999617
W 999999867 999999617
N 999999867 999999616
W 999999866 999999616
N 999999866 999999615
N 999999866 999999614
N 999999866 999999613
S 999999866 999999614
S 999999866 999999615
S 999999866 999999616
S 999999866 999999617
S 999999866 999999618
S 999999866 999999619
W 999999865 999999619
E 999999866 999999619
N 999999866 999999618
S 999999866 999999619
S 999999866 999999620
S 999999866 999999621
S 999999866 999999622
S 999999866 999999623
W 999999865 999999623
E 999999866 999999623
N 999999866 999999622
S 999999866 999999623
S 999999866 999999624
S 999999866 999999625
S 999999866 999999626
S 999999866 999999627
W 999999865 999999627
E 999999866 999999627
N 999999866 999999626
S 999999866 999999627
S 999999866 999999628
S 999999866 999999629
S 999999866 999999630
S 999999866 999999631
W 999999865 999999631
E 999999866 999999631
N 999999866 999999630
S 999999866 999999631
S 999999866 999999632
S 999999866 999999633
S 999999866 999999634
S 999999866 999999635
W 999999865 999999635
E 999999866 999999635
N 999999866 999999634
S 999999866 999999635
S 999999866 999999636
S 999999866 999999637
S 999999866 999999638
S 999999866 999999639
W 999999865 999999639
E 999999866 999999639
N 999999866 999999638
S 999999866 999999639
S 999999866 999999640
S 999999866 999999641
S 999999866 999999642
S 999999866 999999643
W 999999865 999999643
E 999999866 999999643
N 999999866 999999642
S 999999866 999999643
S 999999866 999999644
S 999999866 999999645
S 999999866 999999646
S 999999866 999999647
W 999999865 999999647
E 999999866 999999647
N 999999866 999999646
S 999999866 999999647
S 999999866 999999648
S 999999866 999999649
S 999999866 999999650
S 999999866 999999651
W 999999865 999999651
E 999999866 999999651
N 999999866 999999650
N 999999866 999999649
N 999999866 999999648
N 999999866 999999647
N 999999866 999999646
N 999999866 999999645
N 999999866 999999644
N 999999866 999999643
N 999999866 999999642
S 999999866 999999643
W 999999865 999999643
E 999999866 999999643
S 999999866 999999644
W 999999865 999999644
N 999999865 999999643
N 999999865 999999642
N 999999865 999999641
N 999999865 999999640
N 999999865 999999639
N 999999865 999999638
N 999999865 999999637
W 999999864 999999637
W 999999863 999999637
N 999999863 999999636
W 999999862 999999636
N 999999862 999999635
W 999999861 999999635
N 999999861 999999634
N 999999861 999999633
N 999999861 999999632
S 999999861 999999633
N 999999861 999999632
N 999999861 999999631
N 999999861 999999630
N 999999861 999999629
N 999999861 999999628
N 999999861 999999627
N 999999861 999999626
N 999999861 999999625
S 999999861 999999626
W 999999860 999999626
E 999999861 999999626
S 999999861 999999627
W 999999860 999999627
N 999999860 999999626
N 999999860 999999625
N 999999860 999999624
N 999999860 999999623
N 999999860 999999622
N 999999860 999999621
N 999999860 999999620
W 999999859 999999620
W 999999858 999999620
N 999999858 999999619
W 999999857 999999619
N 999999857 999999618
W 999999856 999999618
N 999999856 999999617
N 999999856 999999616
N 999999856 999999615
S 999999856 999999616
N 999999856 999999615
N 999999856 999999614
N 999999856 999999613
N 999999856 999999612
N 999999856 999999611
N 999999856 999999610
N 999999856 999999609
N 999999856 999999608
S 999999856 999999609
W 999999855 999999609
E 999999856 999999609
S 999999856 999999610
W 999999855 999999610
N 999999855 999999609
N 999999855 999999608
N 999999855 999999607
N 999999855 999999606
N 999999855 999999605
N 999999855 999999604
N 999999855 999999603
W 999999854 999999603
W 999999853 999999603
N 999999853 999999602
W 999999852 999999602
N 999999852 999999601
W 999999851 999999601
N 999999851 999999600
N 999999851 999999599
N 999999851 999999598
S 999999851 999999599
N 999999851 999999598
N 999999851 999999597
N 999999851 999999596
N 999999851 999999595
N 999999851 999999594
N 999999851 999999593
N 999999851 999999592
N 999999851 999999591
S 999999851 999999592
W 999999850 999999592
E 999999851 999999592
S 999999851 999999593
W 999999850 999999593
N 999999850 999999592
N 999999850 999999591
N 999999850 999999590
N 999999850 999999589
N 999999850 999999588
N 999999850 999999587
N 999999850 999999586
W 999999849 999999586
W 999999848 999999586
N 999999848 999999585
W 999999847 999999585
N 999999847 999999584
W 999999846 999999584
N 999999846 999999583
N 999999846 999999582
N 999999846 999999581
S 999999846 999999582
N 999999846 999999581
N 999999846 999999580
N 999999846 999999579
N 999999846 999999578
N 999999846 999999577
N 999999846 999999576
N 999999846 999999575
N 999999846 999999574
S 999999846 999999575
W 999999845 999999575
E 999999846 999999575
S 999999846 999999576
W 999999845 999999576
N 999999845 999999575
N 999999845 999999574
N 999999845 999999573
N 999999845 999999572
N 999999845 999999571
N 999999845 999999570
N 999999845 999999569
W 999999844 999999569
W 999999843 999999569
N 999999843 999999568
W 999999842 999999568
N 999999842 999999567
W 999999841 999999567
N 999999841 999999566
N 999999841 999999565
N 999999841 999999564
S 999999841 999999565
N 999999841 999999564
N 999999841 999999563
N 999999841 999999562
N 999999841 999999561
N 999999841 999999560
N 999999841 999999559
N 999999841 999999558
N 999999841 999999557
S 999999841 999999558
W 999999840 999999558
E 999999841 999999558
S 999999841 999999559
W 999999840 999999559
N 999999840 999999558
N 999999840 999999557
N 999999840 999999556
N 999999840 999999555
N 999999840 999999554
N 999999840 999999553
N 999999840 999999552
W 999999839 999999552
W 999999838 999999552
N 999999838 999999551
W 999999837 999999551
N 999999837 999999550
W 999999836 999999550
N 999999836 999999549
N 999999836 999999548
N 999999836 999999547
S 999999836 999999548
N 999999836 999999547
N 999999836 999999546
N 999999836 999999545
N 999999836 999999544
N 999999836 999999543
N 999999836 999999542
N 999999836 999999541
N 999999836 999999540
S 999999836 999999541
W 999999835 999999541
E 999999836 999999541
S 999999836 999999542
W 999999835 999999542
N 999999835 999999541
N 999999835 999999540
N 999999835 999999539
N 999999835 999999538
N 999999835 999999537
N 999999835 999999536
N 999999835 999999535
W 999999834 999999535
W 999999833 999999535
N 999999833 999999534
W 999999832 999999534
N 999999832 999999533
W 999999831 999999533
N 999999831 999999532
N 999999831 999999531
N 999999831 999999530
S 999999831 999999531
N 999999831 999999530
N 999999831 999999529
N 999999831 999999528
N 999999831 999999527
N 999999831 999999526
N 999999831 999999525
N 999999831 999999524
N 999999831 999999523
S 999999831 999999524
W 999999830 999999524
E 999999831 999999524
S 999999831 999999525
W 999999830 999999525
N 999999830 999999524
N 999999830 999999523
N 999999830 999999522
N 999999830 999999521
N 999999830 999999520
N 999999830 999999519
N 999999830 999999518
W 999999829 999999518
W 999999828 999999518
N 999999828 999999517
W 999999827 999999517
N 999999827 999999516
W 999999826 999999516
N 999999826 999999515
N 999999826 999999514
N 999999826 999999513
S 999999826 999999514
N 999999826 999999513
N 999999826 999999512
N 999999826 999999511
N 999999826 999999510
N 999999826 999999509
N 999999826 999999508
N 999999826 999999507
N 999999826 999999506
S 999999826 999999507
W 999999825 999999507
E 999999826 999999507
S 999999826 999999508
W 999999825 999999508
N 999999825 999999507
N 999999825 999999506
N 999999825 999999505
N 999999825 999999504
N 999999825 999999503
N 999999825 999999502
N 999999825 999999501
W 999999824 999999501
W 999999823 999999501
N 999999823 999999500
W 999999822 999999500
N 999999822 999999499
W 999999821 999999499
N 999999821 999999498
N 999999821 999999497
N 999999821 999999496
S 999999821 999999497
S 999999821 999999498
S 999999821 999999499
S 999999821 999999500
S 999999821 999999501
S 999999821 999999502
W 999999820 999999502
E 999999821 999999502
N 999999821 999999501
S 999999821 999999502
S 999999821 999999503
S 999999821 999999504
S 999999821 999999505
S 999999821 999999506
W 999999820 999999506
E 999999821 999999506
N 999999821 999999505
S 999999821 999999506
S 999999821 999999507
S 999999821 999999508
S 999999821 999999509
S 999999821 999999510
W 999999820 999999510
E 999999821 999999510
N 999999821 999999509
S 999999821 999999510
S 999999821 999999511
S 999999821 999999512
S 999999821 999999513
S 999999821 999999514
W 999999820 999999514
E 999999821 999999514
N 999999821 999999513
S 999999821 999999514
S 999999821 999999515
S 999999821 999999516
S 999999821 999999517
S 999999821 999999518
W 999999820 999999518
E 999999821 999999518
N 999999821 999999517
S 999999821 999999518
S 999999821 999999519
S 999999821 999999520
S 999999821 999999521
S 999999821 999999522
W 999999820 999999522
E 999999821 999999522
N 999999821 999999521
S 999999821 999999522
S 999999821 999999523
S 999999821 999999524
S 999999821 999999525
S 999999821 999999526
W 999999820 999999526
E 999999821 999999526
N 999999821 999999525
S 999999821 999999526
S 999999821 999999527
S 999999821 999999528
S 999999821 999999529
S 999999821 999999530
W 999999820 999999530
E 999999821 999999530
N 999999821 999999529
S 999999821 999999530
S 999999821 999999531
S 999999821 999999532
S 999999821 999999533
S 999999821 999999534
W 999999820 999999534
E 999999821 999999534
N 999999821 999999533
N 999999821 999999532
N 999999821 999999531
N 999999821 999999530
N 999999821 999999529
N 999999821 999999528
N 999999821 999999527
N 999999821 999999526
N 999999821 999999525
S 999999821 999999526
W 999999820 999999526
E 999999821 999999526
S 999999821 999999527
W 999999820 999999527
N 999999820 999999526
N 999999820 999999525
N 999999820 999999524
N 999999820 999999523
N 999999820 999999522
N 999999820 999999521
N 999999820 999999520
W 999999819 999999520
W 999999818 999999520
N 999999818 999999519
W 999999817 999999519
N 999999817 999999518
W 999999816 999999518
N 999999816 999999517
N 999999816 999999516
N 999999816 999999515
S 999999816 999999516
N 999999816 999999515
N 999999816 999999514
N 999999816 999999513
N 999999816 999999512
N 999999816 999999511
N 999999816 999999510
N 999999816 999999509
N 999999816 999999508
S 999999816 999999509
W 999999815 999999509
E 999999816 999999509
S 999999816 999999510
W 999999815 999999510
N 999999815 999999509
N 999999815 999999508
N 999999815 999999507
N 999999815 999999506
N 999999815 999999505
N 999999815 999999504
N 999999815 999999503
W 999999814 999999503
W 999999813 999999503
N 999999813 999999502
W 999999812 999999502
N 999999812 999999501
W 999999811 999999501
N 999999811 999999500
N 999999811 999999499
N 999999811 999999498
S 999999811 999999499
N 999999811 999999498
N 999999811 999999497
N 999999811 999999496
N 999999811 999999495
N 999999811 999999494
N 999999811 999999493
N 999999811 999999492
N 999999811 999999491
S 999999811 999999492
W 999999810 999999492
E 999999811 999999492
S 999999811 999999493
W 999999810 999999493
N 999999810 999999492
N 999999810 999999491
N 999999810 999999490
N 999999810 999999489
N 999999810 999999488
N 999999810 999999487
N 999999810 999999486
W 999999809 999999486
W 999999808 999999486
N 999999808 999999485
W 999999807 999999485
N 999999807 999999484
W 999999806 999999484
N 999999806 999999483
N 999999806 999999482
N 999999806 999999481
S 999999806 999999482
N 999999806 999999481
N 999999806 999999480
N 999999806 999999479
N 999999806 999999478
N 999999806 999999477
N 999999806 999999476
N 999999806 999999475
N 999999806 999999474
S 999999806 999999475
W 999999805 999999475
E 999999806 999999475
S 999999806 999999476
W 999999805 999999476
N 999999805 999999475
N 999999805 999999474
N 999999805 999999473
N 999999805 999999472
N 999999805 999999471
N 999999805 999999470
N 999999805 999999469
W 999999804 999999469
W 999999803 999999469
N 999999803 999999468
W 999999802 999999468
N 999999802 999999467
W 999999801 999999467
N 999999801 999999466
N 999999801 999999465
N 999999801 999999464
S 999999801 999999465
N 999999801 999999464
N 999999801 999999463
N 999999801 999999462
N 999999801 999999461
N 999999801 999999460
N 999999801 999999459
N 999999801 999999458
N 999999801 999999457
S 999999801 999999458
W 999999800 999999458
E 999999801 999999458
S 999999801 999999459
W 999999800 999999459
N 999999800 999999458
N 999999800 999999457
N 999999800 999999456
N 999999800 999999455
N 999999800 999999454
N 999999800 999999453
N 999999800 999999452
W 999999799 999999452
W 999999798 999999452
N 999999798 999999451
W 999999797 999999451
N 999999797 999999450
W 999999796 999999450
N 999999796 999999449
N 999999796 999999448
N 999999796 999999447
S 999999796 999999448
N 999999796 999999447
N 999999796 999999446
N 999999796 999999445
N 999999796 999999444
N 999999796 999999443
N 999999796 999999442
N 999999796 999999441
N 999999796 999999440
S 999999796 999999441
W 999999795 999999441
E 999999796 999999441
S 999999796 999999442
W 999999795 999999442
N 999999795 999999441
N 999999795 999999440
N 999999795 999999439
N 999999795 999999438
N 999999795 999999437
N 999999795 999999436
N 999999795 999999435
W 999999794 999999435
W 999999793 999999435
N 999999793 999999434
W 999999792 999999434
N 999999792 999999433
W 999999791 999999433
N 999999791 999999432
N 999999791 999999431
N 999999791 999999430
S 999999791 999999431
N 999999791 999999430
N 999999791 999999429
N 999999791 999999428
N 999999791 999999427
N 999999791 999999426
N 999999791 999999425
N 999999791 999999424
N 999999791 999999423
S 999999791 999999424
W 999999790 999999424
E 999999791 999999424
S 999999791 999999425
W 999999790 999999425
N 999999790 999999424
N 999999790 999999423
N 999999790 999999422
N 999999790 999999421
N 999999790 999999420
N 999999790 999999419
N 999999790 999999418
W 999999789 999999418
W 999999788 999999418
N 999999788 999999417
W 999999787 999999417
N 999999787 999999416
W 999999786 999999416
N 999999786 999999415
N 999999786 999999414
N 999999786 999999413
S 999999786 999999414
N 999999786 999999413
N 999999786 999999412
N 999999786 999999411
N 999999786 999999410
N 999999786 999999409
N 999999786 999999408
N 999999786 999999407
N 999999786 999999406
S 999999786 999999407
W 999999785 999999407
E 999999786 999999407
S 999999786 999999408
W 999999785 999999408
N 999999785 999999407
N 999999785 999999406
N 999999785 999999405
N 999999785 999999404
N 999999785 999999403
N 999999785 999999402
N 999999785 999999401
W 999999784 999999401
W 999999783 999999401
N 999999783 999999400
W 999999782 999999400
N 999999782 999999399
W 999999781 999999399
N 999999781 999999398
N 999999781 999999397
N 999999781 999999396
S 999999781 999999397
N 999999781 999999396
N 999999781 999999395
N 999999781 999999394
N 999999781 999999393
N 999999781 999999392
N 999999781 999999391
N 999999781 999999390
N 999999781 999999389
S 999999781 999999390
W 999999780 999999390
E 999999781 999999390
S 999999781 999999391
W 999999780 999999391
N 999999780 999999390
N 999999780 999999389
N 999999780 999999388
N 999999780 999999387
N 999999780 999999386
N 999999780 999999385
N 999999780 999999384
W 999999779 999999384
W 999999778 999999384
N 999999778 999999383
W 999999777 999999383
N 999999777 999999382
W 999999776 999999382
N 999999776 999999381
N 999999776 999999380
N 999999776 999999379
S 999999776 999999380
S 999999776 999999381
S 999999776 999999382
S 999999776 999999383
S 999999776 999999384
S 999999776 999999385
W 999999775 999999385
E 999999776 999999385
N 999999776 999999384
S 999999776 999999385
S 999999776 999999386
S 999999776 999999387
S 999999776 999999388
S 999999776 999999389
W 999999775 999999389
E 999999776 999999389
N 999999776 999999388
S 999999776 999999389
S 999999776 999999390
S 999999776 999999391
S 999999776 999999392
S 999999776 999999393
W 999999775 999999393
E 999999776 999999393
N 999999776 999999392
S 999999776 999999393
S 999999776 999999394
S 999999776 999999395
S 999999776 999999396
S 999999776 999999397
W 999999775 999999397
E 999999776 999999397
N 999999776 999999396
S 999999776 999999397
S 999999776 999999398
S 999999776 999999399
S 999999776 999999400
S 999999776 999999401
W 999999775 999999401
E 999999776 999999401
N 999999776 999999400
S 999999776 999999401
S 999999776 999999402
S 999999776 999999403
S 999999776 999999404
S 999999776 999999405
W 999999775 999999405
E 999999776 999999405
N 999999776 999999404
S 999999776 999999405
S 999999776 999999406
S 999999776 999999407
S 999999776 999999408
S 999999776 999999409
W 999999775 999999409
E 999999776 999999409
N 999999776 999999408
S 999999776 999999409
S 999999776 999999410
S 999999776 999999411
S 999999776 999999412
S 999999776 999999413
W 999999775 999999413
E 999999776 999999413
N 999999776 999999412
S 999999776 999999413
S 999999776 999999414
S 999999776 999999415
S 999999776 999999416
S 999999776 999999417
W 999999775 999999417
E 999999776 999999417
N 999999776 999999416
N 999999776 999999415
N 999999776 999999414
N 999999776 999999413
N 999999776 999999412
N 999999776 999999411
N 999999776 999999410
N 999999776 999999409
N 999999776 999999408
S 999999776 999999409
W 999999775 999999409
E 999999776 999999409
S 999999776 999999410
W 999999775 999999410
N 999999775 999999409
N 999999775 999999408
N 999999775 999999407
N 999999775 999999406
N 999999775 999999405
N 999999775 999999404
N 999999775 999999403
W 999999774 999999403
W 999999773 999999403
N 999999773 999999402
W 999999772 999999402
N 999999772 999999401
W 999999771 999999401
N 999999771 999999400
N 999999771 999999399
N 999999771 999999398
S 999999771 999999399
N 999999771 999999398
N 999999771 999999397
N 999999771 999999396
N 999999771 999999395
N 999999771 999999394
N 999999771 999999393
N 999999771 999999392
N 999999771 999999391
S 999999771 999999392
W 999999770 999999392
E 999999771 999999392
S 999999771 999999393
W 999999770 999999393
N 999999770 999999392
N 999999770 999999391
N 999999770 999999390
N 999999770 999999389
N 999999770 999999388
N 999999770 999999387
N 999999770 999999386
W 999999769 999999386
W 999999768 999999386
N 999999768 999999385
W 999999767 999999385
N 999999767 999999384
W 999999766 999999384
N 999999766 999999383
N 999999766 999999382
N 999999766 999999381
S 999999766 999999382
N 999999766 999999381
N 999999766 999999380
N 999999766 999999379
N 999999766 999999378
N 999999766 999999377
N 999999766 999999376
N 999999766 999999375
N 999999766 999999374
S 999999766 999999375
W 999999765 999999375
E 999999766 999999375
S 999999766 999999376
W 999999765 999999376
N 999999765 999999375
N 999999765 999999374
N 999999765 999999373
N 999999765 999999372
N 999999765 999999371
N 999999765 999999370
N 999999765 999999369
W 999999764 999999369
W 999999763 999999369
N 999999763 999999368
W 999999762 999999368
N 999999762 999999367
W 999999761 999999367
N 999999761 999999366
N 999999761 999999365
N 999999761 999999364
S 999999761 999999365
N 999999761 999999364
N 999999761 999999363
N 999999761 999999362
N 999999761 999999361
N 999999761 999999360
N 999999761 999999359
N 999999761 999999358
N 999999761 999999357
S 999999761 999999358
W 999999760 999999358
E 999999761 999999358
S 999999761 999999359
W 999999760 999999359
N 999999760 999999358
N 999999760 999999357
N 999999760 999999356
N 999999760 999999355
N 999999760 999999354
N 999999760 999999353
N 999999760 999999352
W 999999759 999999352
W 999999758 999999352
N 999999758 999999351
W 999999757 999999351
N 999999757 999999350
W 999999756 999999350
N 999999756 999999349
N 999999756 999999348
N 999999756 999999347
S 999999756 999999348
N 999999756 999999347
N 999999756 999999346
N 999999756 999999345
N 999999756 999999344
N 999999756 999999343
N 999999756 999999342
N 999999756 999999341
N 999999756 999999340
S 999999756 999999341
W 999999755 999999341
E 999999756 999999341
S 999999756 999999342
W 999999755 999999342
N 999999755 999999341
N 999999755 999999340
N 999999755 999999339
N 999999755 999999338
N 999999755 999999337
N 999999755 999999336
N 999999755 999999335
W 999999754 999999335
W 999999753 999999335
N 999999753 999999334
W 999999752 999999334
N 999999752 999999333
W 999999751 999999333
N 999999751 999999332
N 999999751 999999331
N 999999751 999999330
S 999999751 999999331
N 999999751 999999330
N 999999751 999999329
N 999999751 999999328
N 999999751 999999327
N 999999751 999999326
N 999999751 999999325
N 999999751 999999324
N 999999751 999999323
S 999999751 999999324
W 999999750 999999324
E 999999751 999999324
S 999999751 999999325
W 999999750 999999325
N 999999750 999999324
N 999999750 999999323
N 999999750 999999322
N 999999750 999999321
N 999999750 999999320
N 999999750 999999319
N 999999750 999999318
W 999999749 999999318
W 999999748 999999318
N 999999748 999999317
W 999999747 999999317
N 999999747 999999316
W 999999746 999999316
N 999999746 999999315
N 999999746 999999314
N 999999746 999999313
S 999999746 999999314
N 999999746 999999313
N 999999746 999999312
N 999999746 999999311
N 999999746 999999310
N 999999746 999999309
N 999999746 999999308
N 999999746 999999307
N 999999746 999999306
S 999999746 999999307
W 999999745 999999307
E 999999746 999999307
S 999999746 999999308
W 999999745 999999308
N 999999745 999999307
N 999999745 999999306
N 999999745 999999305
N 999999745 999999304
N 999999745 999999303
N 999999745 999999302
N 999999745 999999301
W 999999744 999999301
W 999999743 999999301
N 999999743 999999300
W 999999742 999999300
N 999999742 999999299
W 999999741 999999299
N 999999741 999999298
N 999999741 999999297
N 999999741 999999296
S 999999741 999999297
N 999999741 999999296
N 999999741 999999295
N 999999741 999999294
N 999999741 999999293
N 999999741 999999292
N 999999741 999999291
N 999999741 999999290
N 999999741 999999289
S 999999741 999999290
W 999999740 999999290
E 999999741 999999290
S 999999741 999999291
W 999999740 999999291
N 999999740 999999290
N 999999740 999999289
N 999999740 999999288
N 999999740 999999287
N 999999740 999999286
N 999999740 999999285
N 999999740 999999284
W 999999739 999999284
W 999999738 999999284
N 999999738 999999283
W 999999737 999999283
N 999999737 999999282
W 999999736 999999282
N 999999736 999999281
N 999999736 999999280
N 999999736 999999279
S 999999736 999999280
N 999999736 999999279
N 999999736 999999278
N 999999736 999999277
N 999999736 999999276
N 999999736 999999275
N 999999736 999999274
N 999999736 999999273
N 999999736 999999272
S 999999736 999999273
W 999999735 999999273
E 999999736 999999273
S 999999736 999999274
W 999999735 999999274
N 999999735 999999273
N 999999735 999999272
N 999999735 999999271
N 999999735 999999270
N 999999735 999999269
N 999999735 999999268
N 999999735 999999267
W 999999734 999999267
W 999999733 999999267
N 999999733 999999266
W 999999732 999999266
N 999999732 999999265
W 999999731 999999265
N 999999731 999999264
N 999999731 999999263
N 999999731 999999262
S 999999731 999999263
S 999999731 999999264
S 999999731 999999265
S 999999731 999999266
S 999999731 999999267
S 999999731 999999268
W 999999730 999999268
E 999999731 999999268
N 999999731 999999267
S 999999731 999999268
S 999999731 999999269
S 999999731 999999270
S 999999731 999999271
S 999999731 999999272
W 999999730 999999272
E 999999731 999999272
N 999999731 999999271
S 999999731 999999272
S 999999731 999999273
S 999999731 999999274
S 999999731 999999275
S 999999731 999999276
W 999999730 999999276
E 999999731 999999276
N 999999731 999999275
S 999999731 999999276
S 999999731 999999277
S 999999731 999999278
S 999999731 999999279
S 999999731 999999280
W 999999730 999999280
E 999999731 999999280
N 999999731 999999279
S 999999731 999999280
S 999999731 999999281
S 999999731 999999282
S 999999731 999999283
S 999999731 999999284
W 999999730 999999284
E 999999731 999999284
N 999999731 999999283
S 999999731 999999284
S 999999731 999999285
S 999999731 999999286
S 999999731 999999287
S 999999731 999999288
W 999999730 999999288
E 999999731 999999288
N 999999731 999999287
S 999999731 999999288
S 999999731 999999289
S 999999731 999999290
S 999999731 999999291
S 999999731 999999292
W 999999730 999999292
E 999999731 999999292
N 999999731 999999291
S 999999731 999999292
S 999999731 999999293
S 999999731 999999294
S 999999731 999999295
S 999999731 999999296
W 999999730 999999296
E 999999731 999999296
N 999999731 999999295
S 999999731 999999296
S 999999731 999999297
S 999999731 999999298
S 999999731 999999299
S 999999731 999999300
W 999999730 999999300
E 999999731 999999300
N 999999731 999999299
N 999999731 999999298
N 999999731 999999297
N 999999731 999999296
N 999999731 999999295
N 999999731 999999294
N 999999731 999999293
N 999999731 999999292
N 999999731 999999291
S 999999731 999999292
W 999999730 999999292
E 999999731 999999292
S 999999731 999999293
W 999999730 999999293
N 999999730 999999292
N 999999730 999999291
N 999999730 999999290
N 999999730 999999289
N 999999730 999999288
N 999999730 999999287
N 999999730 999999286
W 999999729 999999286
W 999999728 999999286
N 999999728 999999285
W 999999727 999999285
N 999999727 999999284
W 999999726 999999284
N 999999726 999999283
N 999999726 999999282
N 999999726 999999281
S 999999726 999999282
N 999999726 999999281
N 999999726 999999280
N 999999726 999999279
N 999999726 999999278
N 999999726 999999277
N 999999726 999999276
N 999999726 999999275
N 999999726 999999274
S 999999726 999999275
W 999999725 999999275
E 999999726 999999275
S 999999726 999999276
W 999999725 999999276
N 999999725 999999275
N 999999725 999999274
N 999999725 999999273
N 999999725 999999272
N 999999725 999999271
N 999999725 999999270
N 999999725 999999269
W 999999724 999999269
W 999999723 999999269
N 999999723 999999268
W 999999722 999999268
N 999999722 999999267
W 999999721 999999267
N 999999721 999999266
N 999999721 999999265
N 999999721 999999264
S 999999721 999999265
N 999999721 999999264
N 999999721 999999263
N 999999721 999999262
N 999999721 999999261
N 999999721 999999260
N 999999721 999999259
N 999999721 999999258
N 999999721 999999257
S 999999721 999999258
W 999999720 999999258
E 999999721 999999258
S 999999721 999999259
W 999999720 999999259
N 999999720 999999258
N 999999720 999999257
N 999999720 999999256
N 999999720 999999255
N 999999720 999999254
N 999999720 999999253
N 999999720 999999252
W 999999719 999999252
W 999999718 999999252
N 999999718 999999251
W 999999717 999999251
N 999999717 999999250
W 999999716 999999250
N 999999716 999999249
N 999999716 999999248
N 999999716 999999247
S 999999716 999999248
N 999999716 999999247
N 999999716 999999246
N 999999716 999999245
N 999999716 999999244
N 999999716 999999243
N 999999716 999999242
N 999999716 999999241
N 999999716 999999240
S 999999716 999999241
W 999999715 999999241
E 999999716 999999241
S 999999716 999999242
W 999999715 999999242
N 999999715 999999241
N 999999715 999999240
N 999999715 999999239
N 999999715 999999238
N 999999715 999999237
N 999999715 999999236
N 999999715 999999235
W 999999714 999999235
W 999999713 999999235
N 999999713 999999234
W 999999712 999999234
N 999999712 999999233
W 999999711 999999233
N 999999711 999999232
N 999999711 999999231
N 999999711 999999230
S 999999711 999999231
N 999999711 999999230
N 999999711 999999229
N 999999711 999999228
N 999999711 999999227
N 999999711 999999226
N 999999711 999999225
N 999999711 999999224
N 999999711 999999223
S 999999711 999999224
W 999999710 999999224
E 999999711 999999224
S 999999711 999999225
W 999999710 999999225
N 999999710 999999224
N 999999710 999999223
N 999999710 999999222
N 999999710 999999221
N 999999710 999999220
N 999999710 999999219
N 999999710 999999218
W 999999709 999999218
W 999999708 999999218
N 999999708 999999217
W 999999707 999999217
N 999999707 999999216
W 999999706 999999216
N 999999706 999999215
N 999999706 999999214
N 999999706 999999213
S 999999706 999999214
N 999999706 999999213
N 999999706 999999212
N 999999706 999999211
N 999999706 999999210
N 999999706 999999209
N 999999706 999999208
N 999999706 999999207
N 999999706 999999206
S 999999706 999999207
W 999999705 999999207
E 999999706 999999207
S 999999706 999999208
W 999999705 999999208
N 999999705 999999207
N 999999705 999999206
N 999999705 999999205
N 999999705 999999204
N 999999705 999999203
N 999999705 999999202
N 999999705 999999201
W 999999704 999999201
W 999999703 999999201
N 999999703 999999200
W 999999702 999999200
N 999999702 999999199
W 999999701 999999199
N 999999701 999999198
N 999999701 999999197
N 999999701 999999196
S 999999701 999999197
N 999999701 999999196
N 999999701 999999195
N 999999701 999999194
N 999999701 999999193
N 999999701 999999192
N 999999701 999999191
N 999999701 999999190
N 999999701 999999189
S 999999701 999999190
W 999999700 999999190
E 999999701 999999190
S 999999701 999999191
W 999999700 999999191
N 999999700 999999190
N 999999700 999999189
N 999999700 999999188
N 999999700 999999187
N 999999700 999999186
N 999999700 999999185
N 999999700 999999184
W 999999699 999999184
W 999999698 999999184
N 999999698 999999183
W 999999697 999999183
N 999999697 999999182
W 999999696 999999182
N 999999696 999999181
N 999999696 999999180
N 999999696 999999179
S 999999696 999999180
N 999999696 999999179
N 999999696 999999178
N 999999696 999999177
N 999999696 999999176
N 999999696 999999175
N 999999696 999999174
N 999999696 999999173
N 999999696 999999172
S 999999696 999999173
W 999999695 999999173
E 999999696 999999173
S 999999696 999999174
W 999999695 999999174
N 999999695 999999173
N 999999695 999999172
N 999999695 999999171
N 999999695 999999170
N 999999695 999999169
N 999999695 999999168
N 999999695 999999167
W 999999694 999999167
W 999999693 999999167
N 999999693 999999166
W 999999692 999999166
N 999999692 999999165
W 999999691 999999165
N 999999691 999999164
N 999999691 999999163
N 999999691 999999162
S 999999691 999999163
N 999999691 999999162
N 999999691 999999161
N 999999691 999999160
N 999999691 999999159
N 999999691 999999158
N 999999691 999999157
N 999999691 999999156
N 999999691 999999155
S 999999691 999999156
W 999999690 999999156
E 999999691 999999156
S 999999691 999999157
W 999999690 999999157
N 999999690 999999156
N 999999690 999999155
N 999999690 999999154
N 999999690 999999153
N 999999690 999999152
N 999999690 999999151
N 999999690 999999150
W 999999689 999999150
W 999999688 999999150
N 999999688 999999149
W 999999687 999999149
N 999999687 999999148
W 999999686 999999148
N 999999686 999999147
N 999999686 999999146
N 999999686 999999145
S 999999686 999999146
S 999999686 999999147
S 999999686 999999148
S 999999686 999999149
S 999999686 999999150
S 999999686 999999151
W 999999685 999999151
E 999999686 999999151
N 999999686 999999150
S 999999686 999999151
S 999999686 999999152
S 999999686 999999153
S 999999686 999999154
S 999999686 999999155
W 999999685 999999155
E 999999686 999999155
N 999999686 999999154
S 999999686 999999155
S 999999686 999999156
S 999999686 999999157
S 999999686 999999158
S 999999686 999999159
W 999999685 999999159
E 999999686 999999159
N 999999686 999999158
S 999999686 999999159
S 999999686 999999160
S 999999686 999999161
S 999999686 999999162
S 999999686 999999163
W 999999685 999999163
E 999999686 999999163
N 999999686 999999162
S 999999686 999999163
S 999999686 999999164
S 999999686 999999165
S 999999686 999999166
S 999999686 999999167
W 999999685 999999167
E 999999686 999999167
N 999999686 999999166
S 999999686 999999167
S 999999686 999999168
S 999999686 999999169
S 999999686 999999170
S 999999686 999999171
W 999999685 999999171
E 999999686 999999171
N 999999686 999999170
S 999999686 999999171
S 999999686 999999172
S 999999686 999999173
S 999999686 999999174
S 999999686 999999175
W 999999685 999999175
E 999999686 999999175
N 999999686 999999174
S 999999686 999999175
S 999999686 999999176
S 999999686 999999177
S 999999686 999999178
S 999999686 999999179
W 999999685 999999179
E 999999686 999999179
N 999999686 999999178
S 999999686 999999179
S 999999686 999999180
S 999999686 999999181
S 999999686 999999182
S 999999686 999999183
W 999999685 999999183
E 999999686 999999183
N 999999686 999999182
N 999999686 999999181
N 999999686 999999180
N 999999686 999999179
N 999999686 999999178
N 999999686 999999177
N 999999686 999999176
N 999999686 999999175
N 999999686 999999174
S 999999686 999999175
W 999999685 999999175
E 999999686 999999175
S 999999686 999999176
W 999999685 999999176
N 999999685 999999175
N 999999685 999999174
N 999999685 999999173
N 999999685 999999172
N 999999685 999999171
N 999999685 999999170
N 999999685 999999169
W 999999684 999999169
W 999999683 999999169
N 999999683 999999168
W 999999682 999999168
N 999999682 999999167
W 999999681 999999167
N 999999681 999999166
N 999999681 999999165
N 999999681 999999164
S 999999681 999999165
N 999999681 999999164
N 999999681 999999163
N 999999681 999999162
N 999999681 999999161
N 999999681 999999160
N 999999681 999999159
N 999999681 999999158
N 999999681 999999157
S 999999681 999999158
W 999999680 999999158
E 999999681 999999158
S 999999681 999999159
W 999999680 999999159
N 999999680 999999158
N 999999680 999999157
N 999999680 999999156
N 999999680 999999155
N 999999680 999999154
N 999999680 999999153
N 999999680 999999152
W 999999679 999999152
W 999999678 999999152
N 999999678 999999151
W 999999677 999999151
N 999999677 999999150
W 999999676 999999150
N 999999676 999999149
N 999999676 999999148
N 999999676 999999147
S 999999676 999999148
N 999999676 999999147
N 999999676 999999146
N 999999676 999999145
N 999999676 999999144
N 999999676 999999143
N 999999676 999999142
N 999999676 999999141
N 999999676 999999140
S 999999676 999999141
W 999999675 999999141
E 999999676 999999141
S 999999676 999999142
W 999999675 999999142
N 999999675 999999141
N 999999675 999999140
N 999999675 999999139
N 999999675 999999138
N 999999675 999999137
N 999999675 999999136
N 999999675 999999135
W 999999674 999999135
W 999999673 999999135
N 999999673 999999134
W 999999672 999999134
N 999999672 999999133
W 999999671 999999133
N 999999671 999999132
N 999999671 999999131
N 999999671 999999130
S 999999671 999999131
N 999999671 999999130
N 999999671 999999129
N 999999671 999999128
N 999999671 999999127
N 999999671 999999126
N 999999671 999999125
N 999999671 999999124
N 999999671 999999123
S 999999671 999999124
W 999999670 999999124
E 999999671 999999124
S 999999671 999999125
W 999999670 999999125
N 999999670 999999124
N 999999670 999999123
N 999999670 999999122
N 999999670 999999121
N 999999670 999999120
N 999999670 999999119
N 999999670 999999118
W 999999669 999999118
W 999999668 999999118
N 999999668 999999117
W 999999667 999999117
N 999999667 999999116
W 999999666 999999116
N 999999666 999999115
N 999999666 999999114
N 999999666 999999113
S 999999666 999999114
N 999999666 999999113
N 999999666 999999112
N 999999666 999999111
N 999999666 999999110
N 999999666 999999109
N 999999666 999999108
N 999999666 999999107
N 999999666 999999106
S 999999666 999999107
W 999999665 999999107
E 999999666 999999107
S 999999666 999999108
W 999999665 999999108
N 999999665 999999107
N 999999665 999999106
N 999999665 999999105
N 999999665 999999104
N 999999665 999999103
N 999999665 999999102
N 999999665 999999101
W 999999664 999999101
W 999999663 999999101
N 999999663 999999100
W 999999662 999999100
N 999999662 999999099
W 999999661 999999099
N 999999661 999999098
N 999999661 999999097
N 999999661 999999096
S 999999661 999999097
N 999999661 999999096
N 999999661 999999095
N 999999661 999999094
N 999999661 999999093
N 999999661 999999092
N 999999661 999999091
N 999999661 999999090
N 999999661 999999089
S 999999661 999999090
W 999999660 999999090
E 999999661 999999090
S 999999661 999999091
W 999999660 999999091
N 999999660 999999090
N 999999660 999999089
N 999999660 999999088
N 999999660 999999087
N 999999660 999999086
N 999999660 999999085
N 999999660 999999084
W 999999659 999999084
W 999999658 999999084
N 999999658 999999083
W 999999657 999999083
N 999999657 999999082
W 999999656 999999082
N 999999656 999999081
N 999999656 999999080
N 999999656 999999079
S 999999656 999999080
N 999999656 999999079
N 999999656 999999078
N 999999656 999999077
N 999999656 999999076
N 999999656 999999075
N 999999656 999999074
N 999999656 999999073
N 999999656 999999072
S 999999656 999999073
W 999999655 999999073
E 999999656 999999073
S 999999656 999999074
W 999999655 999999074
N 999999655 999999073
N 999999655 999999072
N 999999655 999999071
N 999999655 999999070
N 999999655 999999069
N 999999655 999999068
N 999999655 999999067
W 999999654 999999067
W 999999653 999999067
N 999999653 999999066
W 999999652 999999066
N 999999652 999999065
W 999999651 999999065
N 999999651 999999064
N 999999651 999999063
N 999999651 999999062
S 999999651 999999063
N 999999651 999999062
N 999999651 999999061
N 999999651 999999060
N 999999651 999999059
N 999999651 999999058
N 999999651 999999057
N 999999651 999999056
N 999999651 999999055
S 999999651 999999056
W 999999650 999999056
E 999999651 999999056
S 999999651 999999057
W 999999650 999999057
N 999999650 999999056
N 999999650 999999055
N 999999650 999999054
N 999999650 999999053
N 999999650 999999052
N 999999650 999999051
N 999999650 999999050
W 999999649 999999050
W 999999648 999999050
N 999999648 999999049
W 999999647 999999049
N 999999647 999999048
W 999999646 999999048
N 999999646 999999047
N 999999646 999999046
N 999999646 999999045
S 999999646 999999046
N 999999646 999999045
N 999999646 999999044
N 999999646 999999043
N 999999646 999999042
N 999999646 999999041
N 999999646 999999040
N 999999646 999999039
N 999999646 999999038
S 999999646 999999039
W 999999645 999999039
E 999999646 999999039
S 999999646 999999040
W 999999645 999999040
N 999999645 999999039
N 999999645 999999038
N 999999645 999999037
N 999999645 999999036
N 999999645 999999035
N 999999645 999999034
N 999999645 999999033
W 999999644 999999033
W 999999643 999999033
N 999999643 999999032
W 999999642 999999032
N 999999642 999999031
W 999999641 999999031
N 999999641 999999030
N 999999641 999999029
N 999999641 999999028
S 999999641 999999029
S 999999641 999999030
S 999999641 999999031
S 999999641 999999032
S 999999641 999999033
S 999999641 999999034
W 999999640 999999034
E 999999641 999999034
N 999999641 999999033
S 999999641 999999034
S 999999641 999999035
S 999999641 999999036
S 999999641 999999037
S 999999641 999999038
W 999999640 999999038
E 999999641 999999038
N 999999641 999999037
S 999999641 999999038
S 999999641 999999039
S 999999641 999999040
S 999999641 999999041
S 999999641 999999042
W 999999640 999999042
E 999999641 999999042
N 999999641 999999041
S 999999641 999999042
S 999999641 999999043
S 999999641 999999044
S 999999641 999999045
S 999999641 999999046
W 999999640 999999046
E 999999641 999999046
N 999999641 999999045
S 999999641 999999046
S 999999641 999999047
S 999999641 999999048
S 999999641 999999049
S 999999641 999999050
W 999999640 999999050
E 999999641 999999050
N 999999641 999999049
S 999999641 999999050
S 999999641 999999051
S 999999641 999999052
S 999999641 999999053
S 999999641 999999054
W 999999640 999999054
E 999999641 999999054
N 999999641 999999053
S 999999641 999999054
S 999999641 999999055
S 999999641 999999056
S 999999641 999999057
S 999999641 999999058
W 999999640 999999058
E 999999641 999999058
N 999999641 999999057
S 999999641 999999058
S 999999641 999999059
S 999999641 999999060
S 999999641 999999061
S 999999641 999999062
W 999999640 999999062
E 999999641 999999062
N 999999641 999999061
S 999999641 999999062
S 999999641 999999063
S 999999641 999999064
S 999999641 999999065
S 999999641 999999066
W 999999640 999999066
E 999999641 999999066
N 999999641 999999065
N 999999641 999999064
N 999999641 999999063
N 999999641 999999062
N 999999641 999999061
N 999999641 999999060
N 999999641 999999059
N 999999641 999999058
N 999999641 999999057
S 999999641 999999058
W 999999640 999999058
E 999999641 999999058
S 999999641 999999059
W 999999640 999999059
N 999999640 999999058
N 999999640 999999057
N 999999640 999999056
N 999999640 999999055
N 999999640 999999054
N 999999640 999999053
N 999999640 999999052
W 999999639 999999052
W 999999638 999999052
N 999999638 999999051
W 999999637 999999051
N 999999637 999999050
W 999999636 999999050
N 999999636 999999049
N 999999636 999999048
N 999999636 999999047
S 999999636 999999048
N 999999636 999999047
N 999999636 999999046
N 999999636 999999045
N 999999636 999999044
N 999999636 999999043
N 999999636 999999042
N 999999636 999999041
N 999999636 999999040
S 999999636 999999041
W 999999635 999999041
E 999999636 999999041
S 999999636 999999042
W 999999635 999999042
N 999999635 999999041
N 999999635 999999040
N 999999635 999999039
N 999999635 999999038
N 999999635 999999037
N 999999635 999999036
N 999999635 999999035
W 999999634 999999035
W 999999633 999999035
N 999999633 999999034
W 999999632 999999034
N 999999632 999999033
W 999999631 999999033
N 999999631 999999032
N 999999631 999999031
N 999999631 999999030
S 999999631 999999031
N 999999631 999999030
N 999999631 999999029
N 999999631 999999028
N 999999631 999999027
N 999999631 999999026
N 999999631 999999025
N 999999631 999999024
N 999999631 999999023
S 999999631 999999024
W 999999630 999999024
E 999999631 999999024
S 999999631 999999025
W 999999630 999999025
N 999999630 999999024
N 999999630 999999023
N 999999630 999999022
N 999999630 999999021
N 999999630 999999020
N 999999630 999999019
N 999999630 999999018
W 999999629 999999018
W 999999628 999999018
N 999999628 999999017
W 999999627 999999017
N 999999627 999999016
W 999999626 999999016
N 999999626 999999015
N 999999626 999999014
N 999999626 999999013
S 999999626 999999014
N 999999626 999999013
N 999999626 999999012
N 999999626 999999011
N 999999626 999999010
N 999999626 999999009
N 999999626 999999008
N 999999626 999999007
N 999999626 999999006
S 999999626 999999007
W 999999625 999999007
E 999999626 999999007
S 999999626 999999008
W 999999625 999999008
N 999999625 999999007
N 999999625 999999006
N 999999625 999999005
N 999999625 999999004
N 999999625 999999003
N 999999625 999999002
N 999999625 999999001
W 999999624 999999001
W 999999623 999999001
N 999999623 999999000
W 999999622 999999000
N 999999622 999998999
W 999999621 999998999
N 999999621 999998998
N 999999621 999998997
N 999999621 999998996
S 999999621 999998997
N 999999621 999998996
N 999999621 999998995
N 999999621 999998994
N 999999621 999998993
N 999999621 999998992
N 999999621 999998991
N 999999621 999998990
N 999999621 999998989
S 999999621 999998990
W 999999620 999998990
E 999999621 999998990
S 999999621 999998991
W 999999620 999998991
N 999999620 999998990
N 999999620 999998989
N 999999620 999998988
N 999999620 999998987
N 999999620 999998986
N 999999620 999998985
N 999999620 999998984
W 999999619 999998984
W 999999618 999998984
N 999999618 999998983
W 999999617 999998983
N 999999617 999998982
W 999999616 999998982
N 999999616 999998981
N 999999616 999998980
N 999999616 999998979
S 999999616 999998980
N 999999616 999998979
N 999999616 999998978
N 999999616 999998977
N 999999616 999998976
N 999999616 999998975
N 999999616 999998974
N 999999616 999998973
N 999999616 999998972
S 999999616 999998973
W 999999615 999998973
E 999999616 999998973
S 999999616 999998974
W 999999615 999998974
N 999999615 999998973
N 999999615 999998972
N 999999615 999998971
N 999999615 999998970
N 999999615 999998969
N 999999615 999998968
N 999999615 999998967
W 999999614 999998967
W 999999613 999998967
N 999999613 999998966
W 999999612 999998966
N 999999612 999998965
W 999999611 999998965
N 999999611 999998964
N 999999611 999998963
N 999999611 999998962
S 999999611 999998963
N 999999611 999998962
N 999999611 999998961
N 999999611 999998960
N 999999611 999998959
N 999999611 999998958
N 999999611 999998957
N 999999611 999998956
N 999999611 999998955
S 999999611 999998956
W 999999610 999998956
E 999999611 999998956
S 999999611 999998957
W 999999610 999998957
N 999999610 999998956
N 999999610 999998955
N 999999610 999998954
N 999999610 999998953
N 999999610 999998952
N 999999610 999998951
N 999999610 999998950
W 999999609 999998950
W 999999608 999998950
N 999999608 999998949
W 999999607 999998949
N 999999607 999998948
W 999999606 999998948
N 999999606 999998947
N 999999606 999998946
N 999999606 999998945
S 999999606 999998946
N 999999606 999998945
N 999999606 999998944
N 999999606 999998943
N 999999606 999998942
N 999999606 999998941
N 999999606 999998940
N 999999606 999998939
N 999999606 999998938
S 999999606 999998939
W 999999605 999998939
E 999999606 999998939
S 999999606 999998940
W 999999605 999998940
N 999999605 999998939
N 999999605 999998938
N 999999605 999998937
N 999999605 999998936
N 999999605 999998935
N 999999605 999998934
N 999999605 999998933
W 999999604 999998933
W 999999603 999998933
N 999999603 999998932
W 999999602 999998932
N 999999602 999998931
W 999999601 999998931
N 999999601 999998930
N 999999601 999998929
N 999999601 999998928
S 999999601 999998929
N 999999601 999998928
N 999999601 999998927
N 999999601 999998926
N 999999601 999998925
N 999999601 999998924
N 999999601 999998923
N 999999601 999998922
N 999999601 999998921
S 999999601 999998922
W 999999600 999998922
E 999999601 999998922
S 999999601 999998923
W 999999600 999998923
N 999999600 999998922
N 999999600 999998921
N 999999600 999998920
N 999999600 999998919
N 999999600 999998918
N 999999600 999998917
N 999999600 999998916
W 999999599 999998916
W 999999598 999998916
N 999999598 999998915
W 999999597 999998915
N 999999597 999998914
W 999999596 999998914
N 999999596 999998913
N 999999596 999998912
N 999999596 999998911
S 999999596 999998912
S 999999596 999998913
S 999999596 999998914
S 999999596 999998915
S 999999596 999998916
S 999999596 999998917
W 999999595 999998917
E 999999596 999998917
N 999999596 999998916
S 999999596 999998917
S 999999596 999998918
S 999999596 999998919
S 999999596 999998920
S 999999596 999998921
W 999999595 999998921
E 999999596 999998921
N 999999596 999998920
S 999999596 999998921
S 999999596 999998922
S 999999596 999998923
S 999999596 999998924
S 999999596 999998925
W 999999595 999998925
E 999999596 999998925
N 999999596 999998924
S 999999596 999998925
S 999999596 999998926
S 999999596 999998927
S 999999596 999998928
S 999999596 999998929
W 999999595 999998929
E 999999596 999998929
N 999999596 999998928
S 999999596 999998929
S 999999596 999998930
S 999999596 999998931
S 999999596 999998932
S 999999596 999998933
W 999999595 999998933
E 999999596 999998933
N 999999596 999998932
S 999999596 999998933
S 999999596 999998934
S 999999596 999998935
S 999999596 999998936
S 999999596 999998937
W 999999595 999998937
E 999999596 999998937
N 999999596 999998936
S 999999596 999998937
S 999999596 999998938
S 999999596 999998939
S 999999596 999998940
S 999999596 999998941
W 999999595 999998941
E 999999596 999998941
N 999999596 999998940
S 999999596 999998941
S 999999596 999998942
S 999999596 999998943
S 999999596 999998944
S 999999596 999998945
W 999999595 999998945
E 999999596 999998945
N 999999596 999998944
S 999999596 999998945
S 999999596 999998946
S 999999596 999998947
S 999999596 999998948
S 999999596 999998949
W 999999595 999998949
E 999999596 999998949
N 999999596 999998948

